2025-04-25 21:38:54.386 [info] 2025/04/25 21:38:54 maxprocs: Leaving GOMAXPROCS=4: CPU quota undefined
2025-04-25 21:38:54.614 [info] I0425 21:38:54.607619 10896 main.go:582] Setting GOMAXPROCS to 4
2025-04-25 21:38:54.614 [info] I0425 21:38:54.607854 10896 main.go:797] Starting language server process with pid 10896
2025-04-25 21:38:54.614 [info] I0425 21:38:54.607905 10896 server.go:260] Language server will attempt to listen on host 127.0.0.1
2025-04-25 21:38:54.614 [info] I0425 21:38:54.608043 10896 server.go:267] Language server listening on random port at 44081
2025-04-25 21:38:54.685 [info] I0425 21:38:54.685250 10896 server.go:378] Created extension server client at port 38482
2025-04-25 21:38:55.555 [info] I0425 21:38:55.555346 10896 server.go:887] Local search is enabled, will index local files.
2025-04-25 21:38:55.555 [info] I0425 21:38:55.555389 10896 server.go:891] Using 1 indexer workers
2025-04-25 21:38:55.610 [info] (Windsurf) 2025-04-25 21:38:55.606 [INFO]: Language server started
2025-04-25 21:38:55.939 [info] (Windsurf) 2025-04-25 21:38:55.939 [INFO]: LS lspClient started successfully
2025-04-25 21:39:08.155 [info] (Windsurf) 2025-04-25 21:39:08.155 [INFO]: [Cascade Manager] Opening diff zones for: 
2025-04-25 21:40:01.202 [info] (Windsurf) 2025-04-25 21:40:01.202 [INFO]: [Cascade Manager] Opening diff zones for: UnitForm.js
2025-04-25 21:40:01.439 [info] (Windsurf) 2025-04-25 21:40:01.439 [INFO]: [Cascade Manager] Opening diff zones for: RegisterPage.js
2025-04-25 21:40:03.420 [info] (Windsurf) 2025-04-25 21:40:03.420 [INFO]: [Cascade Manager] Opening diff zones for: TicketForm.js
2025-04-25 21:40:43.885 [info] (Windsurf) 2025-04-25 21:40:43.885 [INFO]: [Cascade Manager] Opening diff zones for: UserProfilePage.js
2025-04-25 21:40:55.917 [info] (Windsurf) 2025-04-25 21:40:55.917 [INFO]: [Cascade Manager] Opening diff zones for: PropertiesPage.js
2025-04-25 21:41:06.399 [info] (Windsurf) 2025-04-25 21:41:06.399 [INFO]: [Cascade Manager] Opening diff zones for: UnitList.js
2025-04-25 21:41:27.168 [info] (Windsurf) 2025-04-25 21:41:27.168 [INFO]: [Cascade Manager] Opening diff zones for: App.js
2025-04-25 21:41:51.612 [info] (Windsurf) 2025-04-25 21:41:51.612 [INFO]: [Cascade Manager] Opening diff zones for: PropertyList.js
2025-04-25 21:41:58.197 [info] (Windsurf) 2025-04-25 21:41:58.197 [INFO]: [Cascade Manager] Opening diff zones for: TicketList.js
2025-04-25 21:42:30.323 [info] (Windsurf) 2025-04-25 21:42:30.322 [INFO]: [Cascade Manager] Opening diff zones for: index.js
2025-04-25 21:43:01.528 [info] (Windsurf) 2025-04-25 21:43:01.528 [INFO]: [Cascade Manager] Opening diff zones for: logo.png
2025-04-25 21:43:21.157 [info] (Windsurf) 2025-04-25 21:43:21.157 [INFO]: [Cascade Manager] Opening diff zones for: LoginPage.js
2025-04-25 21:44:08.100 [info] (Windsurf) 2025-04-25 21:44:08.100 [INFO]: [Cascade Manager] Opening diff zones for: Dockerfile
2025-04-25 21:44:08.112 [info] (Windsurf) 2025-04-25 21:44:08.112 [INFO]: [Cascade Manager] Opening diff zones for: Dockerfile
2025-04-25 21:45:00.716 [info] (Windsurf) 2025-04-25 21:45:00.716 [INFO]: [Cascade Manager] Opening diff zones for: docker-compose.yml
2025-04-25 21:45:46.672 [info] (Windsurf) 2025-04-25 21:45:46.672 [INFO]: [Cascade Manager] Opening diff zones for: docker-compose.yml
2025-04-25 21:46:15.417 [info] (Windsurf) 2025-04-25 21:46:15.416 [INFO]: [Cascade Manager] Opening diff zones for: auth.js
2025-04-25 21:47:10.071 [info] (Windsurf) 2025-04-25 21:47:10.071 [INFO]: [Cascade Manager] Opening diff zones for: App.js
2025-04-25 21:47:10.520 [info] (Windsurf) 2025-04-25 21:47:10.520 [INFO]: [Cascade Manager] Opening diff zones for: UserProfilePage.js
2025-04-25 21:47:10.640 [info] (Windsurf) 2025-04-25 21:47:10.640 [INFO]: [Cascade Manager] Opening diff zones for: RegisterPage.js
2025-04-25 21:47:11.079 [info] (Windsurf) 2025-04-25 21:47:11.079 [INFO]: [Cascade Manager] Opening diff zones for: DashboardPage.js
2025-04-25 21:47:11.379 [info] (Windsurf) 2025-04-25 21:47:11.379 [INFO]: [Cascade Manager] Opening diff zones for: PropertyList.js
2025-04-25 21:47:15.835 [info] (Windsurf) 2025-04-25 21:47:15.835 [INFO]: [Cascade Manager] Opening diff zones for: UnitForm.js
2025-04-25 21:47:15.838 [info] (Windsurf) 2025-04-25 21:47:15.838 [INFO]: [Cascade Manager] Opening diff zones for: UnitList.js
2025-04-25 21:47:15.855 [info] (Windsurf) 2025-04-25 21:47:15.855 [INFO]: [Cascade Manager] Opening diff zones for: TicketList.js
2025-04-25 21:47:15.871 [info] (Windsurf) 2025-04-25 21:47:15.871 [INFO]: [Cascade Manager] Opening diff zones for: TicketForm.js
2025-04-25 21:47:47.488 [info] (Windsurf) 2025-04-25 21:47:47.488 [INFO]: [Cascade Manager] Opening diff zones for: .env
2025-04-25 21:47:47.496 [info] (Windsurf) 2025-04-25 21:47:47.496 [INFO]: [Cascade Manager] Opening diff zones for: .env.production
2025-04-25 21:47:56.452 [info] (Windsurf) 2025-04-25 21:47:56.452 [INFO]: [Cascade Manager] Opening diff zones for: auth.js
2025-04-25 21:48:49.034 [info] (Windsurf) 2025-04-25 21:48:49.034 [INFO]: [Cascade Manager] Opening diff zones for: RegisterPage.js
2025-04-25 21:48:49.058 [info] (Windsurf) 2025-04-25 21:48:49.058 [INFO]: [Cascade Manager] Opening diff zones for: UserProfilePage.js
2025-04-25 21:48:49.101 [info] (Windsurf) 2025-04-25 21:48:49.101 [INFO]: [Cascade Manager] Opening diff zones for: DashboardPage.js
2025-04-25 21:48:49.191 [info] (Windsurf) 2025-04-25 21:48:49.190 [INFO]: [Cascade Manager] Opening diff zones for: PropertyList.js
2025-04-25 21:48:49.315 [info] (Windsurf) 2025-04-25 21:48:49.315 [INFO]: [Cascade Manager] Opening diff zones for: UnitList.js
2025-04-25 21:48:49.410 [info] (Windsurf) 2025-04-25 21:48:49.410 [INFO]: [Cascade Manager] Opening diff zones for: UnitForm.js
2025-04-25 21:48:49.516 [info] (Windsurf) 2025-04-25 21:48:49.516 [INFO]: [Cascade Manager] Opening diff zones for: TicketList.js
2025-04-25 21:48:49.636 [info] (Windsurf) 2025-04-25 21:48:49.636 [INFO]: [Cascade Manager] Opening diff zones for: TicketForm.js
2025-04-25 21:49:02.473 [info] (Windsurf) 2025-04-25 21:49:02.473 [INFO]: [Cascade Manager] Opening diff zones for: UserProfilePage.js
2025-04-25 21:50:03.691 [info] (Windsurf) 2025-04-25 21:50:03.691 [INFO]: [Cascade Manager] Opening diff zones for: netlify.toml
2025-04-25 21:50:03.698 [info] (Windsurf) 2025-04-25 21:50:03.697 [INFO]: [Cascade Manager] Opening diff zones for: .gitignore
2025-04-25 21:52:00.501 [info] (Windsurf) 2025-04-25 21:52:00.501 [INFO]: [Cascade Manager] Opening diff zones for: package.json
2025-04-25 21:55:35.773 [info] (Windsurf) 2025-04-25 21:55:35.773 [INFO]: [Cascade Manager] Opening diff zones for: README.md
2025-04-25 21:58:08.914 [info] (Windsurf) 2025-04-25 21:58:08.914 [INFO]: [Cascade Manager] Opening diff zones for: App.js
2025-04-25 22:04:04.644 [info] (Windsurf) 2025-04-25 22:04:04.644 [INFO]: [Cascade Manager] Opening diff zones for: index.html
2025-04-25 22:44:27.485 [info] (Windsurf) 2025-04-25 22:44:27.485 [INFO]: [Cascade Manager] Opening diff zones for: .env.production
2025-04-25 22:48:31.929 [info] (Windsurf) 2025-04-25 22:48:31.929 [INFO]: [Cascade Manager] Opening diff zones for: auth.js
2025-04-25 22:50:26.599 [info] (Windsurf) 2025-04-25 22:50:26.599 [INFO]: [Cascade Manager] Opening diff zones for: auth.js
2025-04-25 22:52:16.334 [info] (Windsurf) 2025-04-25 22:52:16.334 [INFO]: [Cascade Manager] Opening diff zones for: diagnostic.py
2025-04-25 22:52:23.328 [info] (Windsurf) 2025-04-25 22:52:23.328 [INFO]: [Cascade Manager] Opening diff zones for: main.py
2025-04-25 22:56:39.521 [info] (Windsurf) 2025-04-25 22:56:39.521 [INFO]: [Cascade Manager] Opening diff zones for: auth.py
2025-04-25 22:56:39.542 [info] (Windsurf) 2025-04-25 22:56:39.542 [INFO]: [Cascade Manager] Opening diff zones for: units.py
2025-04-25 22:56:39.574 [info] (Windsurf) 2025-04-25 22:56:39.573 [INFO]: [Cascade Manager] Opening diff zones for: requests.py
2025-04-25 22:56:39.634 [info] (Windsurf) 2025-04-25 22:56:39.634 [INFO]: [Cascade Manager] Opening diff zones for: diagnostic.py
2025-04-25 22:56:40.237 [info] (Windsurf) 2025-04-25 22:56:40.237 [INFO]: [Cascade Manager] Opening diff zones for: announcements.py
2025-04-25 22:57:12.960 [info] (Windsurf) 2025-04-25 22:57:12.960 [INFO]: [Cascade Manager] Opening diff zones for: deps.py
2025-04-25 22:57:38.550 [info] (Windsurf) 2025-04-25 22:57:38.550 [INFO]: [Cascade Manager] Opening diff zones for: database.py
2025-04-25 22:58:17.793 [info] (Windsurf) 2025-04-25 22:58:17.793 [INFO]: [Cascade Manager] Opening diff zones for: residents.py
2025-04-25 22:58:38.775 [info] (Windsurf) 2025-04-25 22:58:38.775 [INFO]: [Cascade Manager] Opening diff zones for: announcements.py
2025-04-25 23:03:45.187 [info] (Windsurf) 2025-04-25 23:03:45.187 [INFO]: [Cascade Manager] Opening diff zones for: main.py
2025-04-26 00:03:38.437 [info] W0426 00:03:38.405871 10896 workspace_manager.go:480] Too many changes in DidChangeWatchedFiles: 3000
2025-04-26 00:04:34.980 [info] W0426 00:04:34.979696 10896 workspace_manager.go:480] Too many changes in DidChangeWatchedFiles: 2553
2025-04-26 00:04:36.449 [info] W0426 00:04:36.447386 10896 workspace_manager.go:480] Too many changes in DidChangeWatchedFiles: 3281
2025-04-26 00:04:37.564 [info] W0426 00:04:37.541423 10896 workspace_manager.go:480] Too many changes in DidChangeWatchedFiles: 2361
2025-04-26 00:04:40.993 [info] W0426 00:04:40.987627 10896 workspace_manager.go:480] Too many changes in DidChangeWatchedFiles: 5082
2025-04-26 00:05:24.324 [info] (Windsurf) 2025-04-26 00:05:24.324 [INFO]: [Cascade Manager] Opening diff zones for: App.js
2025-04-26 00:06:34.436 [info] (Windsurf) 2025-04-26 00:06:34.435 [INFO]: [Cascade Manager] Opening diff zones for: main.py
2025-04-26 00:07:32.855 [info] (Windsurf) 2025-04-26 00:07:32.855 [INFO]: [Cascade Manager] Opening diff zones for: main.py
2025-04-26 00:07:33.418 [info] (Windsurf) 2025-04-26 00:07:33.418 [INFO]: [Cascade Manager] Opening diff zones for: auth.js
2025-04-26 00:09:05.426 [info] (Windsurf) 2025-04-26 00:09:05.425 [INFO]: [Cascade Manager] Opening diff zones for: main.py
2025-04-26 00:09:49.119 [info] (Windsurf) 2025-04-26 00:09:49.119 [INFO]: [Cascade Manager] Opening diff zones for: LoginPage.js
2025-04-26 00:09:49.168 [info] (Windsurf) 2025-04-26 00:09:49.168 [INFO]: [Cascade Manager] Opening diff zones for: RegisterPage.js
2025-04-26 00:09:49.464 [info] (Windsurf) 2025-04-26 00:09:49.464 [INFO]: [Cascade Manager] Opening diff zones for: DashboardPage.js
2025-04-26 00:10:13.539 [info] (Windsurf) 2025-04-26 00:10:13.539 [INFO]: [Cascade Manager] Opening diff zones for: LoginPage.js
2025-04-26 00:10:32.925 [info] (Windsurf) 2025-04-26 00:10:32.925 [INFO]: [Cascade Manager] Opening diff zones for: RegisterPage.js
2025-04-26 00:10:45.479 [info] (Windsurf) 2025-04-26 00:10:45.479 [INFO]: [Cascade Manager] Opening diff zones for: DashboardPage.js
2025-04-26 00:11:12.722 [info] (Windsurf) 2025-04-26 00:11:12.722 [INFO]: [Cascade Manager] Opening diff zones for: remoteLogger.js
2025-04-26 00:11:19.836 [info] (Windsurf) 2025-04-26 00:11:19.836 [INFO]: [Cascade Manager] Opening diff zones for: auth.js
2025-04-26 00:11:42.607 [info] (Windsurf) 2025-04-26 00:11:42.606 [INFO]: [Cascade Manager] Opening diff zones for: main.py
2025-04-26 00:12:09.759 [info] (Windsurf) 2025-04-26 00:12:09.759 [INFO]: [Cascade Manager] Opening diff zones for: TicketsPage.js
2025-04-26 00:12:11.554 [info] (Windsurf) 2025-04-26 00:12:11.554 [INFO]: [Cascade Manager] Opening diff zones for: NotFoundPage.js
2025-04-26 00:12:12.580 [info] (Windsurf) 2025-04-26 00:12:12.580 [INFO]: [Cascade Manager] Opening diff zones for: UserProfilePage.js
2025-04-26 00:12:13.777 [info] (Windsurf) 2025-04-26 00:12:13.777 [INFO]: [Cascade Manager] Opening diff zones for: PropertiesPage.js
2025-04-26 00:12:22.511 [info] (Windsurf) 2025-04-26 00:12:22.511 [INFO]: [Cascade Manager] Opening diff zones for: NotFoundPage.js
2025-04-26 00:15:07.829 [info] (Windsurf) 2025-04-26 00:15:07.829 [INFO]: [Cascade Manager] Opening diff zones for: auth.js
2025-04-26 00:17:57.450 [info] (Windsurf) 2025-04-26 00:17:57.450 [INFO]: [Cascade Manager] Opening diff zones for: auth.js
