2025-04-26 15:46:12.194 [info] [main] Log level: Info
2025-04-26 15:46:12.194 [info] [main] Validating found git in: "git"
2025-04-26 15:46:12.194 [info] [main] Using git "2.34.1" from "git"
2025-04-26 15:46:12.194 [info] [Model][doInitialScan] Initial repository scan started
2025-04-26 15:46:12.216 [info] > git rev-parse --show-toplevel [30ms]
2025-04-26 15:46:12.216 [info] fatal: not a git repository (or any of the parent directories): .git
2025-04-26 15:46:12.226 [info] > git rev-parse --show-toplevel [4ms]
2025-04-26 15:46:12.226 [info] fatal: not a git repository (or any of the parent directories): .git
2025-04-26 15:46:12.232 [info] > git rev-parse --show-toplevel [2ms]
2025-04-26 15:46:12.232 [info] fatal: not a git repository (or any of the parent directories): .git
2025-04-26 15:46:12.237 [info] > git rev-parse --show-toplevel [2ms]
2025-04-26 15:46:12.237 [info] fatal: not a git repository (or any of the parent directories): .git
2025-04-26 15:46:12.242 [info] > git rev-parse --show-toplevel [1ms]
2025-04-26 15:46:12.242 [info] fatal: not a git repository (or any of the parent directories): .git
2025-04-26 15:46:12.245 [info] > git rev-parse --show-toplevel [1ms]
2025-04-26 15:46:12.245 [info] fatal: not a git repository (or any of the parent directories): .git
2025-04-26 15:46:12.250 [info] > git rev-parse --show-toplevel [2ms]
2025-04-26 15:46:12.250 [info] fatal: not a git repository (or any of the parent directories): .git
2025-04-26 15:46:12.292 [info] > git rev-parse --show-toplevel [38ms]
2025-04-26 15:46:12.300 [info] > git rev-parse --git-dir --git-common-dir [4ms]
2025-04-26 15:46:12.316 [info] [Model][openRepository] Opened repository: /home/windsurf/.nvm
2025-04-26 15:46:12.328 [info] > git rev-parse --show-toplevel [5ms]
2025-04-26 15:46:12.328 [info] fatal: not a git repository (or any of the parent directories): .git
2025-04-26 15:46:12.332 [info] > git rev-parse --show-toplevel [2ms]
2025-04-26 15:46:12.332 [info] fatal: not a git repository (or any of the parent directories): .git
2025-04-26 15:46:12.336 [info] > git config --get commit.template [15ms]
2025-04-26 15:46:12.338 [info] > git rev-parse --show-toplevel [3ms]
2025-04-26 15:46:12.338 [info] fatal: not a git repository (or any of the parent directories): .git
2025-04-26 15:46:12.911 [info] > git for-each-ref --format %(refname) %(objectname) %(*objectname) refs/tags [584ms]
2025-04-26 15:46:12.923 [info] > git rev-parse --show-toplevel [580ms]
2025-04-26 15:46:12.923 [info] fatal: not a git repository (or any of the parent directories): .git
2025-04-26 15:46:12.930 [info] > git rev-parse --show-toplevel [1ms]
2025-04-26 15:46:12.931 [info] fatal: not a git repository (or any of the parent directories): .git
2025-04-26 15:46:12.935 [info] [Model][doInitialScan] Initial repository scan completed - repositories (1), closed repositories (0), parent repositories (0), unsafe repositories (0)
2025-04-26 15:46:13.191 [info] > git status -z -uall [275ms]
2025-04-26 15:46:13.192 [info] > git for-each-ref --sort -committerdate --format %(refname) %(objectname) %(*objectname) [270ms]
2025-04-26 15:46:13.344 [info] > git config --get commit.template [5ms]
2025-04-26 15:46:13.354 [info] > git for-each-ref --format %(refname) %(objectname) %(*objectname) refs/tags [5ms]
2025-04-26 15:46:13.368 [info] > git status -z -uall [11ms]
2025-04-26 15:46:13.368 [info] > git for-each-ref --sort -committerdate --format %(refname) %(objectname) %(*objectname) [8ms]
2025-04-26 15:46:25.830 [info] > git rev-parse --show-toplevel [2ms]
2025-04-26 15:46:25.830 [info] fatal: not a git repository (or any of the parent directories): .git
2025-04-26 15:51:16.081 [info] > git rev-parse --show-toplevel [107ms]
2025-04-26 15:51:16.082 [info] fatal: not a git repository (or any of the parent directories): .git
2025-04-26 15:51:16.116 [info] > git rev-parse --show-toplevel [3ms]
2025-04-26 15:51:16.116 [info] fatal: not a git repository (or any of the parent directories): .git
2025-04-26 15:51:16.137 [info] > git rev-parse --show-toplevel [2ms]
2025-04-26 15:51:16.137 [info] fatal: not a git repository (or any of the parent directories): .git
2025-04-26 15:51:16.150 [info] > git rev-parse --show-toplevel [4ms]
2025-04-26 15:51:16.150 [info] fatal: not a git repository (or any of the parent directories): .git
2025-04-26 15:51:17.776 [info] > git rev-parse --show-toplevel [5ms]
2025-04-26 15:51:17.776 [info] fatal: not a git repository (or any of the parent directories): .git
2025-04-26 15:51:17.784 [info] > git rev-parse --show-toplevel [1ms]
2025-04-26 15:51:17.784 [info] fatal: not a git repository (or any of the parent directories): .git
2025-04-26 15:51:17.795 [info] > git rev-parse --show-toplevel [2ms]
2025-04-26 15:51:17.796 [info] fatal: not a git repository (or any of the parent directories): .git
2025-04-26 15:51:17.803 [info] > git rev-parse --show-toplevel [2ms]
2025-04-26 15:51:17.803 [info] fatal: not a git repository (or any of the parent directories): .git
2025-04-26 15:51:17.810 [info] > git rev-parse --show-toplevel [2ms]
2025-04-26 15:51:17.810 [info] fatal: not a git repository (or any of the parent directories): .git
2025-04-26 15:51:17.817 [info] > git rev-parse --show-toplevel [1ms]
2025-04-26 15:51:17.817 [info] fatal: not a git repository (or any of the parent directories): .git
2025-04-26 15:51:17.824 [info] > git rev-parse --show-toplevel [1ms]
2025-04-26 15:51:17.824 [info] fatal: not a git repository (or any of the parent directories): .git
2025-04-26 15:53:10.466 [warning] [Model][getRepositoryExact] Failed to get repository realpath for: "/home/windsurf/frontend/node_modules/extsprintf/". Error:Error: ENOENT: no such file or directory, realpath '/home/windsurf/frontend/node_modules/extsprintf/'
2025-04-26 15:53:10.505 [warning] [Model][getRepositoryExact] Failed to get repository realpath for: "/home/windsurf/frontend/node_modules/is-descriptor/". Error:Error: ENOENT: no such file or directory, realpath '/home/windsurf/frontend/node_modules/is-descriptor/'
2025-04-26 15:53:28.077 [info] > git rev-parse --show-toplevel [107ms]
2025-04-26 15:53:28.077 [info] fatal: not a git repository (or any of the parent directories): .git
2025-04-26 15:53:28.084 [info] > git rev-parse --show-toplevel [1ms]
2025-04-26 15:53:28.084 [info] fatal: not a git repository (or any of the parent directories): .git
2025-04-26 15:53:28.090 [info] > git rev-parse --show-toplevel [2ms]
2025-04-26 15:53:28.090 [info] fatal: not a git repository (or any of the parent directories): .git
2025-04-26 15:53:28.097 [info] > git rev-parse --show-toplevel [2ms]
2025-04-26 15:53:28.097 [info] fatal: not a git repository (or any of the parent directories): .git
2025-04-26 15:53:28.106 [info] > git rev-parse --show-toplevel [1ms]
2025-04-26 15:53:28.106 [info] fatal: not a git repository (or any of the parent directories): .git
2025-04-26 15:59:04.996 [info] > git rev-parse --show-toplevel [2463ms]
2025-04-26 15:59:04.997 [info] fatal: not a git repository (or any of the parent directories): .git
2025-04-26 15:59:12.696 [info] > git rev-parse --show-toplevel [1060ms]
2025-04-26 15:59:12.696 [info] fatal: not a git repository (or any of the parent directories): .git
2025-04-26 15:59:20.117 [info] > git rev-parse --show-toplevel [357ms]
2025-04-26 15:59:20.117 [info] fatal: not a git repository (or any of the parent directories): .git
2025-04-26 15:59:25.509 [info] > git rev-parse --show-toplevel [1800ms]
2025-04-26 15:59:25.510 [info] fatal: not a git repository (or any of the parent directories): .git
2025-04-26 15:59:26.469 [info] > git rev-parse --show-toplevel [53ms]
2025-04-26 15:59:26.469 [info] fatal: not a git repository (or any of the parent directories): .git
2025-04-26 15:59:34.686 [info] > git rev-parse --show-toplevel [7267ms]
2025-04-26 15:59:34.692 [info] fatal: not a git repository (or any of the parent directories): .git
2025-04-26 15:59:42.282 [info] > git rev-parse --show-toplevel [276ms]
2025-04-26 15:59:42.282 [info] fatal: not a git repository (or any of the parent directories): .git
2025-04-26 15:59:47.768 [info] > git rev-parse --show-toplevel [1604ms]
2025-04-26 15:59:47.769 [info] fatal: not a git repository (or any of the parent directories): .git
2025-04-26 15:59:47.770 [warning] [Model][getRepositoryExact] Failed to get repository realpath for: "/home/windsurf/frontend/node_modules/.css-select-base-adapter-Ks38jXcp/". Error:Error: ENOENT: no such file or directory, realpath '/home/windsurf/frontend/node_modules/.css-select-base-adapter-Ks38jXcp/'
2025-04-26 15:59:59.278 [info] > git rev-parse --show-toplevel [1095ms]
2025-04-26 15:59:59.278 [info] fatal: not a git repository (or any of the parent directories): .git
2025-04-26 16:00:16.549 [info] > git rev-parse --show-toplevel [2857ms]
2025-04-26 16:00:16.549 [info] fatal: not a git repository (or any of the parent directories): .git
2025-04-26 16:00:16.553 [warning] [Model][getRepositoryExact] Failed to get repository realpath for: "/home/windsurf/frontend/node_modules/call-bind/". Error:Error: ENOENT: no such file or directory, realpath '/home/windsurf/frontend/node_modules/call-bind/'
2025-04-26 16:00:31.201 [warning] [Model][getRepositoryExact] Failed to get repository realpath for: "/home/windsurf/frontend/node_modules/call-bound/". Error:Error: ENOENT: no such file or directory, realpath '/home/windsurf/frontend/node_modules/call-bound/'
2025-04-26 16:00:37.804 [warning] [Model][getRepositoryExact] Failed to get repository realpath for: "/home/windsurf/frontend/node_modules/array-includes/". Error:Error: ENOENT: no such file or directory, realpath '/home/windsurf/frontend/node_modules/array-includes/'
2025-04-26 16:00:45.783 [warning] [Model][getRepositoryExact] Failed to get repository realpath for: "/home/windsurf/frontend/node_modules/async-function/". Error:Error: ENOENT: no such file or directory, realpath '/home/windsurf/frontend/node_modules/async-function/'
2025-04-26 16:00:52.141 [warning] [Model][getRepositoryExact] Failed to get repository realpath for: "/home/windsurf/frontend/node_modules/balanced-match/". Error:Error: ENOENT: no such file or directory, realpath '/home/windsurf/frontend/node_modules/balanced-match/'
2025-04-26 16:01:00.730 [warning] [Model][getRepositoryExact] Failed to get repository realpath for: "/home/windsurf/frontend/node_modules/array.prototype.flat/". Error:Error: ENOENT: no such file or directory, realpath '/home/windsurf/frontend/node_modules/array.prototype.flat/'
2025-04-26 16:01:09.235 [warning] [Model][getRepositoryExact] Failed to get repository realpath for: "/home/windsurf/frontend/node_modules/available-typed-arrays/". Error:Error: ENOENT: no such file or directory, realpath '/home/windsurf/frontend/node_modules/available-typed-arrays/'
2025-04-26 16:01:13.360 [warning] [Model][getRepositoryExact] Failed to get repository realpath for: "/home/windsurf/frontend/node_modules/array.prototype.flatmap/". Error:Error: ENOENT: no such file or directory, realpath '/home/windsurf/frontend/node_modules/array.prototype.flatmap/'
2025-04-26 16:01:21.002 [warning] [Model][getRepositoryExact] Failed to get repository realpath for: "/home/windsurf/frontend/node_modules/array-buffer-byte-length/". Error:Error: ENOENT: no such file or directory, realpath '/home/windsurf/frontend/node_modules/array-buffer-byte-length/'
2025-04-26 16:01:30.234 [warning] [Model][getRepositoryExact] Failed to get repository realpath for: "/home/windsurf/frontend/node_modules/array.prototype.findlast/". Error:Error: ENOENT: no such file or directory, realpath '/home/windsurf/frontend/node_modules/array.prototype.findlast/'
2025-04-26 16:01:39.046 [warning] [Model][getRepositoryExact] Failed to get repository realpath for: "/home/windsurf/frontend/node_modules/array.prototype.tosorted/". Error:Error: ENOENT: no such file or directory, realpath '/home/windsurf/frontend/node_modules/array.prototype.tosorted/'
2025-04-26 16:01:49.183 [warning] [Model][getRepositoryExact] Failed to get repository realpath for: "/home/windsurf/frontend/node_modules/array.prototype.findlastindex/". Error:Error: ENOENT: no such file or directory, realpath '/home/windsurf/frontend/node_modules/array.prototype.findlastindex/'
2025-04-26 16:01:50.203 [warning] [Model][getRepositoryExact] Failed to get repository realpath for: "/home/windsurf/frontend/node_modules/babel-preset-current-node-syntax/". Error:Error: ENOENT: no such file or directory, realpath '/home/windsurf/frontend/node_modules/babel-preset-current-node-syntax/'
2025-04-26 16:01:51.482 [warning] [Model][getRepositoryExact] Failed to get repository realpath for: "/home/windsurf/frontend/node_modules/.qs-zp0cNM9z/". Error:Error: ENOENT: no such file or directory, realpath '/home/windsurf/frontend/node_modules/.qs-zp0cNM9z/'
2025-04-26 16:01:51.487 [warning] [Model][getRepositoryExact] Failed to get repository realpath for: "/home/windsurf/frontend/node_modules/fast-uri/test/". Error:Error: ENOENT: no such file or directory, realpath '/home/windsurf/frontend/node_modules/fast-uri/test/'
2025-04-26 16:01:51.491 [warning] [Model][getRepositoryExact] Failed to get repository realpath for: "/home/windsurf/frontend/node_modules/.events-pyf3BQsz/". Error:Error: ENOENT: no such file or directory, realpath '/home/windsurf/frontend/node_modules/.events-pyf3BQsz/'
2025-04-26 16:01:51.495 [warning] [Model][getRepositoryExact] Failed to get repository realpath for: "/home/windsurf/frontend/node_modules/.is-map-EstpgVeK/". Error:Error: ENOENT: no such file or directory, realpath '/home/windsurf/frontend/node_modules/.is-map-EstpgVeK/'
2025-04-26 16:01:51.500 [warning] [Model][getRepositoryExact] Failed to get repository realpath for: "/home/windsurf/frontend/node_modules/.is-set-4YKlVlGv/". Error:Error: ENOENT: no such file or directory, realpath '/home/windsurf/frontend/node_modules/.is-set-4YKlVlGv/'
2025-04-26 16:01:51.505 [warning] [Model][getRepositoryExact] Failed to get repository realpath for: "/home/windsurf/frontend/node_modules/.resolve-iOZjd9Mo/". Error:Error: ENOENT: no such file or directory, realpath '/home/windsurf/frontend/node_modules/.resolve-iOZjd9Mo/'
2025-04-26 16:01:51.510 [warning] [Model][getRepositoryExact] Failed to get repository realpath for: "/home/windsurf/frontend/node_modules/.for-each-n9xOCPeH/". Error:Error: ENOENT: no such file or directory, realpath '/home/windsurf/frontend/node_modules/.for-each-n9xOCPeH/'
2025-04-26 16:01:51.514 [warning] [Model][getRepositoryExact] Failed to get repository realpath for: "/home/windsurf/frontend/node_modules/.minimist-qaFEvPBa/". Error:Error: ENOENT: no such file or directory, realpath '/home/windsurf/frontend/node_modules/.minimist-qaFEvPBa/'
2025-04-26 16:01:51.518 [warning] [Model][getRepositoryExact] Failed to get repository realpath for: "/home/windsurf/frontend/node_modules/.own-keys-Jfgbf5j7/". Error:Error: ENOENT: no such file or directory, realpath '/home/windsurf/frontend/node_modules/.own-keys-Jfgbf5j7/'
2025-04-26 16:01:51.525 [warning] [Model][getRepositoryExact] Failed to get repository realpath for: "/home/windsurf/frontend/node_modules/events/". Error:Error: ENOENT: no such file or directory, realpath '/home/windsurf/frontend/node_modules/events/'
2025-04-26 16:01:51.539 [warning] [Model][getRepositoryExact] Failed to get repository realpath for: "/home/windsurf/frontend/node_modules/is-map/". Error:Error: ENOENT: no such file or directory, realpath '/home/windsurf/frontend/node_modules/is-map/'
2025-04-26 16:01:51.544 [warning] [Model][getRepositoryExact] Failed to get repository realpath for: "/home/windsurf/frontend/node_modules/is-set/". Error:Error: ENOENT: no such file or directory, realpath '/home/windsurf/frontend/node_modules/is-set/'
2025-04-26 16:01:51.549 [warning] [Model][getRepositoryExact] Failed to get repository realpath for: "/home/windsurf/frontend/node_modules/.has-proto-hF0AYdVw/". Error:Error: ENOENT: no such file or directory, realpath '/home/windsurf/frontend/node_modules/.has-proto-hF0AYdVw/'
2025-04-26 16:01:51.554 [warning] [Model][getRepositoryExact] Failed to get repository realpath for: "/home/windsurf/frontend/node_modules/.is-bigint-9uUX3XXn/". Error:Error: ENOENT: no such file or directory, realpath '/home/windsurf/frontend/node_modules/.is-bigint-9uUX3XXn/'
2025-04-26 16:01:51.559 [warning] [Model][getRepositoryExact] Failed to get repository realpath for: "/home/windsurf/frontend/node_modules/.is-string-liAnPBXk/". Error:Error: ENOENT: no such file or directory, realpath '/home/windsurf/frontend/node_modules/.is-string-liAnPBXk/'
2025-04-26 16:01:51.566 [warning] [Model][getRepositoryExact] Failed to get repository realpath for: "/home/windsurf/frontend/node_modules/.is-symbol-pnxkIqvo/". Error:Error: ENOENT: no such file or directory, realpath '/home/windsurf/frontend/node_modules/.is-symbol-pnxkIqvo/'
2025-04-26 16:01:51.572 [warning] [Model][getRepositoryExact] Failed to get repository realpath for: "/home/windsurf/frontend/node_modules/.set-proto-ELb0gyTc/". Error:Error: ENOENT: no such file or directory, realpath '/home/windsurf/frontend/node_modules/.set-proto-ELb0gyTc/'
2025-04-26 16:01:51.578 [warning] [Model][getRepositoryExact] Failed to get repository realpath for: "/home/windsurf/frontend/node_modules/@xtuc/ieee754/dist/". Error:Error: ENOENT: no such file or directory, realpath '/home/windsurf/frontend/node_modules/@xtuc/ieee754/dist/'
2025-04-26 16:01:51.583 [warning] [Model][getRepositoryExact] Failed to get repository realpath for: "/home/windsurf/frontend/node_modules/fast-uri/". Error:Error: ENOENT: no such file or directory, realpath '/home/windsurf/frontend/node_modules/fast-uri/'
2025-04-26 16:01:51.587 [warning] [Model][getRepositoryExact] Failed to get repository realpath for: "/home/windsurf/frontend/node_modules/resolve/". Error:Error: ENOENT: no such file or directory, realpath '/home/windsurf/frontend/node_modules/resolve/'
2025-04-26 16:01:51.593 [warning] [Model][getRepositoryExact] Failed to get repository realpath for: "/home/windsurf/frontend/node_modules/.is-weakmap-73ywUI0m/". Error:Error: ENOENT: no such file or directory, realpath '/home/windsurf/frontend/node_modules/.is-weakmap-73ywUI0m/'
2025-04-26 16:01:51.599 [warning] [Model][getRepositoryExact] Failed to get repository realpath for: "/home/windsurf/frontend/node_modules/.is-weakref-AMjE9Kvl/". Error:Error: ENOENT: no such file or directory, realpath '/home/windsurf/frontend/node_modules/.is-weakref-AMjE9Kvl/'
2025-04-26 16:01:51.605 [warning] [Model][getRepositoryExact] Failed to get repository realpath for: "/home/windsurf/frontend/node_modules/.is-weakset-W0MzhWxR/". Error:Error: ENOENT: no such file or directory, realpath '/home/windsurf/frontend/node_modules/.is-weakset-W0MzhWxR/'
2025-04-26 16:01:51.610 [warning] [Model][getRepositoryExact] Failed to get repository realpath for: "/home/windsurf/frontend/node_modules/fastq/". Error:Error: ENOENT: no such file or directory, realpath '/home/windsurf/frontend/node_modules/fastq/'
2025-04-26 16:01:51.615 [warning] [Model][getRepositoryExact] Failed to get repository realpath for: "/home/windsurf/frontend/node_modules/for-each/". Error:Error: ENOENT: no such file or directory, realpath '/home/windsurf/frontend/node_modules/for-each/'
2025-04-26 16:01:51.620 [warning] [Model][getRepositoryExact] Failed to get repository realpath for: "/home/windsurf/frontend/node_modules/minimist/". Error:Error: ENOENT: no such file or directory, realpath '/home/windsurf/frontend/node_modules/minimist/'
2025-04-26 16:01:51.664 [warning] [Model][getRepositoryExact] Failed to get repository realpath for: "/home/windsurf/frontend/node_modules/own-keys/". Error:Error: ENOENT: no such file or directory, realpath '/home/windsurf/frontend/node_modules/own-keys/'
2025-04-26 16:01:51.676 [warning] [Model][getRepositoryExact] Failed to get repository realpath for: "/home/windsurf/frontend/node_modules/.has-bigints-LsEEC5eE/". Error:Error: ENOENT: no such file or directory, realpath '/home/windsurf/frontend/node_modules/.has-bigints-LsEEC5eE/'
2025-04-26 16:01:51.682 [warning] [Model][getRepositoryExact] Failed to get repository realpath for: "/home/windsurf/frontend/node_modules/.is-callable-dRHxd6qK/". Error:Error: ENOENT: no such file or directory, realpath '/home/windsurf/frontend/node_modules/.is-callable-dRHxd6qK/'
2025-04-26 16:01:51.688 [warning] [Model][getRepositoryExact] Failed to get repository realpath for: "/home/windsurf/frontend/node_modules/.shell-quote-RP7yelSL/". Error:Error: ENOENT: no such file or directory, realpath '/home/windsurf/frontend/node_modules/.shell-quote-RP7yelSL/'
2025-04-26 16:01:51.694 [warning] [Model][getRepositoryExact] Failed to get repository realpath for: "/home/windsurf/frontend/node_modules/has-proto/". Error:Error: ENOENT: no such file or directory, realpath '/home/windsurf/frontend/node_modules/has-proto/'
2025-04-26 16:01:51.700 [warning] [Model][getRepositoryExact] Failed to get repository realpath for: "/home/windsurf/frontend/node_modules/is-bigint/". Error:Error: ENOENT: no such file or directory, realpath '/home/windsurf/frontend/node_modules/is-bigint/'
2025-04-26 16:01:51.705 [warning] [Model][getRepositoryExact] Failed to get repository realpath for: "/home/windsurf/frontend/node_modules/is-string/". Error:Error: ENOENT: no such file or directory, realpath '/home/windsurf/frontend/node_modules/is-string/'
2025-04-26 16:01:51.713 [warning] [Model][getRepositoryExact] Failed to get repository realpath for: "/home/windsurf/frontend/node_modules/is-symbol/". Error:Error: ENOENT: no such file or directory, realpath '/home/windsurf/frontend/node_modules/is-symbol/'
2025-04-26 16:01:51.718 [warning] [Model][getRepositoryExact] Failed to get repository realpath for: "/home/windsurf/frontend/node_modules/set-proto/". Error:Error: ENOENT: no such file or directory, realpath '/home/windsurf/frontend/node_modules/set-proto/'
2025-04-26 16:01:51.724 [warning] [Model][getRepositoryExact] Failed to get repository realpath for: "/home/windsurf/frontend/node_modules/.is-arguments-xF6MdYyM/". Error:Error: ENOENT: no such file or directory, realpath '/home/windsurf/frontend/node_modules/.is-arguments-xF6MdYyM/'
2025-04-26 16:01:51.730 [warning] [Model][getRepositoryExact] Failed to get repository realpath for: "/home/windsurf/frontend/node_modules/.is-data-view-jtVsfuyL/". Error:Error: ENOENT: no such file or directory, realpath '/home/windsurf/frontend/node_modules/.is-data-view-jtVsfuyL/'
2025-04-26 16:01:51.736 [warning] [Model][getRepositoryExact] Failed to get repository realpath for: "/home/windsurf/frontend/node_modules/.side-channel-oKwcWS6a/". Error:Error: ENOENT: no such file or directory, realpath '/home/windsurf/frontend/node_modules/.side-channel-oKwcWS6a/'
2025-04-26 16:01:51.743 [warning] [Model][getRepositoryExact] Failed to get repository realpath for: "/home/windsurf/frontend/node_modules/is-weakmap/". Error:Error: ENOENT: no such file or directory, realpath '/home/windsurf/frontend/node_modules/is-weakmap/'
2025-04-26 16:01:51.748 [warning] [Model][getRepositoryExact] Failed to get repository realpath for: "/home/windsurf/frontend/node_modules/is-weakref/". Error:Error: ENOENT: no such file or directory, realpath '/home/windsurf/frontend/node_modules/is-weakref/'
2025-04-26 16:01:51.754 [warning] [Model][getRepositoryExact] Failed to get repository realpath for: "/home/windsurf/frontend/node_modules/is-weakset/". Error:Error: ENOENT: no such file or directory, realpath '/home/windsurf/frontend/node_modules/is-weakset/'
2025-04-26 16:01:51.761 [warning] [Model][getRepositoryExact] Failed to get repository realpath for: "/home/windsurf/frontend/node_modules/reusify/". Error:Error: ENOENT: no such file or directory, realpath '/home/windsurf/frontend/node_modules/reusify/'
2025-04-26 16:01:51.766 [warning] [Model][getRepositoryExact] Failed to get repository realpath for: "/home/windsurf/frontend/node_modules/.internal-slot-ZGBBdo54/". Error:Error: ENOENT: no such file or directory, realpath '/home/windsurf/frontend/node_modules/.internal-slot-ZGBBdo54/'
2025-04-26 16:01:51.772 [warning] [Model][getRepositoryExact] Failed to get repository realpath for: "/home/windsurf/frontend/node_modules/.jsx-ast-utils-IF3Gq7KD/". Error:Error: ENOENT: no such file or directory, realpath '/home/windsurf/frontend/node_modules/.jsx-ast-utils-IF3Gq7KD/'
2025-04-26 16:01:51.778 [warning] [Model][getRepositoryExact] Failed to get repository realpath for: "/home/windsurf/frontend/node_modules/.object.assign-iLi6X8B7/". Error:Error: ENOENT: no such file or directory, realpath '/home/windsurf/frontend/node_modules/.object.assign-iLi6X8B7/'
2025-04-26 16:01:51.791 [warning] [Model][getRepositoryExact] Failed to get repository realpath for: "/home/windsurf/frontend/node_modules/has-bigints/". Error:Error: ENOENT: no such file or directory, realpath '/home/windsurf/frontend/node_modules/has-bigints/'
2025-04-26 16:01:51.796 [warning] [Model][getRepositoryExact] Failed to get repository realpath for: "/home/windsurf/frontend/node_modules/is-callable/". Error:Error: ENOENT: no such file or directory, realpath '/home/windsurf/frontend/node_modules/is-callable/'
2025-04-26 16:01:51.800 [warning] [Model][getRepositoryExact] Failed to get repository realpath for: "/home/windsurf/frontend/node_modules/shell-quote/". Error:Error: ENOENT: no such file or directory, realpath '/home/windsurf/frontend/node_modules/shell-quote/'
2025-04-26 16:01:51.804 [warning] [Model][getRepositoryExact] Failed to get repository realpath for: "/home/windsurf/frontend/node_modules/.is-date-object-1esrr8tr/". Error:Error: ENOENT: no such file or directory, realpath '/home/windsurf/frontend/node_modules/.is-date-object-1esrr8tr/'
2025-04-26 16:01:51.809 [warning] [Model][getRepositoryExact] Failed to get repository realpath for: "/home/windsurf/frontend/node_modules/.is-typed-array-oNbEfuhA/". Error:Error: ENOENT: no such file or directory, realpath '/home/windsurf/frontend/node_modules/.is-typed-array-oNbEfuhA/'
2025-04-26 16:01:51.813 [warning] [Model][getRepositoryExact] Failed to get repository realpath for: "/home/windsurf/frontend/node_modules/.object-inspect-5ncjnVjR/". Error:Error: ENOENT: no such file or directory, realpath '/home/windsurf/frontend/node_modules/.object-inspect-5ncjnVjR/'
2025-04-26 16:01:51.821 [warning] [Model][getRepositoryExact] Failed to get repository realpath for: "/home/windsurf/frontend/node_modules/.object.groupby-F8SFdtD9/". Error:Error: ENOENT: no such file or directory, realpath '/home/windsurf/frontend/node_modules/.object.groupby-F8SFdtD9/'
2025-04-26 16:01:51.825 [warning] [Model][getRepositoryExact] Failed to get repository realpath for: "/home/windsurf/frontend/node_modules/is-arguments/". Error:Error: ENOENT: no such file or directory, realpath '/home/windsurf/frontend/node_modules/is-arguments/'
2025-04-26 16:01:51.860 [warning] [Model][getRepositoryExact] Failed to get repository realpath for: "/home/windsurf/frontend/node_modules/is-data-view/". Error:Error: ENOENT: no such file or directory, realpath '/home/windsurf/frontend/node_modules/is-data-view/'
2025-04-26 16:01:51.878 [warning] [Model][getRepositoryExact] Failed to get repository realpath for: "/home/windsurf/frontend/node_modules/side-channel/". Error:Error: ENOENT: no such file or directory, realpath '/home/windsurf/frontend/node_modules/side-channel/'
2025-04-26 16:01:51.883 [warning] [Model][getRepositoryExact] Failed to get repository realpath for: "/home/windsurf/frontend/node_modules/.es-get-iterator-Shw6duBh/". Error:Error: ENOENT: no such file or directory, realpath '/home/windsurf/frontend/node_modules/.es-get-iterator-Shw6duBh/'
2025-04-26 16:01:51.889 [warning] [Model][getRepositoryExact] Failed to get repository realpath for: "/home/windsurf/frontend/node_modules/.es-to-primitive-1ElRbpw6/". Error:Error: ENOENT: no such file or directory, realpath '/home/windsurf/frontend/node_modules/.es-to-primitive-1ElRbpw6/'
2025-04-26 16:01:51.895 [warning] [Model][getRepositoryExact] Failed to get repository realpath for: "/home/windsurf/frontend/node_modules/.is-array-buffer-V0qU6Bqq/". Error:Error: ENOENT: no such file or directory, realpath '/home/windsurf/frontend/node_modules/.is-array-buffer-V0qU6Bqq/'
2025-04-26 16:01:51.900 [warning] [Model][getRepositoryExact] Failed to get repository realpath for: "/home/windsurf/frontend/node_modules/.safe-push-apply-bMdveEg8/". Error:Error: ENOENT: no such file or directory, realpath '/home/windsurf/frontend/node_modules/.safe-push-apply-bMdveEg8/'
2025-04-26 16:01:51.905 [warning] [Model][getRepositoryExact] Failed to get repository realpath for: "/home/windsurf/frontend/node_modules/.safe-regex-test-Gc4a2QGp/". Error:Error: ENOENT: no such file or directory, realpath '/home/windsurf/frontend/node_modules/.safe-regex-test-Gc4a2QGp/'
2025-04-26 16:01:51.911 [warning] [Model][getRepositoryExact] Failed to get repository realpath for: "/home/windsurf/frontend/node_modules/.unbox-primitive-PTv7TY3Y/". Error:Error: ENOENT: no such file or directory, realpath '/home/windsurf/frontend/node_modules/.unbox-primitive-PTv7TY3Y/'
2025-04-26 16:01:51.916 [warning] [Model][getRepositoryExact] Failed to get repository realpath for: "/home/windsurf/frontend/node_modules/internal-slot/". Error:Error: ENOENT: no such file or directory, realpath '/home/windsurf/frontend/node_modules/internal-slot/'
2025-04-26 16:01:51.921 [warning] [Model][getRepositoryExact] Failed to get repository realpath for: "/home/windsurf/frontend/node_modules/object.assign/". Error:Error: ENOENT: no such file or directory, realpath '/home/windsurf/frontend/node_modules/object.assign/'
2025-04-26 16:01:51.926 [warning] [Model][getRepositoryExact] Failed to get repository realpath for: "/home/windsurf/frontend/node_modules/.data-view-buffer-YupIlZqX/". Error:Error: ENOENT: no such file or directory, realpath '/home/windsurf/frontend/node_modules/.data-view-buffer-YupIlZqX/'
2025-04-26 16:01:51.931 [warning] [Model][getRepositoryExact] Failed to get repository realpath for: "/home/windsurf/frontend/node_modules/.is-number-object-gMnPzznd/". Error:Error: ENOENT: no such file or directory, realpath '/home/windsurf/frontend/node_modules/.is-number-object-gMnPzznd/'
2025-04-26 16:01:51.936 [warning] [Model][getRepositoryExact] Failed to get repository realpath for: "/home/windsurf/frontend/node_modules/.side-channel-map-gSQU9bG9/". Error:Error: ENOENT: no such file or directory, realpath '/home/windsurf/frontend/node_modules/.side-channel-map-gSQU9bG9/'
2025-04-26 16:01:51.941 [warning] [Model][getRepositoryExact] Failed to get repository realpath for: "/home/windsurf/frontend/node_modules/.which-collection-SToskyia/". Error:Error: ENOENT: no such file or directory, realpath '/home/windsurf/frontend/node_modules/.which-collection-SToskyia/'
2025-04-26 16:01:51.946 [warning] [Model][getRepositoryExact] Failed to get repository realpath for: "/home/windsurf/frontend/node_modules/is-date-object/". Error:Error: ENOENT: no such file or directory, realpath '/home/windsurf/frontend/node_modules/is-date-object/'
2025-04-26 16:01:51.951 [warning] [Model][getRepositoryExact] Failed to get repository realpath for: "/home/windsurf/frontend/node_modules/is-typed-array/". Error:Error: ENOENT: no such file or directory, realpath '/home/windsurf/frontend/node_modules/is-typed-array/'
2025-04-26 16:01:51.955 [warning] [Model][getRepositoryExact] Failed to get repository realpath for: "/home/windsurf/frontend/node_modules/object-inspect/". Error:Error: ENOENT: no such file or directory, realpath '/home/windsurf/frontend/node_modules/object-inspect/'
2025-04-26 16:01:51.960 [warning] [Model][getRepositoryExact] Failed to get repository realpath for: "/home/windsurf/frontend/node_modules/object.groupby/". Error:Error: ENOENT: no such file or directory, realpath '/home/windsurf/frontend/node_modules/object.groupby/'
2025-04-26 16:01:51.966 [warning] [Model][getRepositoryExact] Failed to get repository realpath for: "/home/windsurf/frontend/node_modules/.define-properties-mpcBqe1a/". Error:Error: ENOENT: no such file or directory, realpath '/home/windsurf/frontend/node_modules/.define-properties-mpcBqe1a/'
2025-04-26 16:01:51.972 [warning] [Model][getRepositoryExact] Failed to get repository realpath for: "/home/windsurf/frontend/node_modules/.is-boolean-object-hGDEbujK/". Error:Error: ENOENT: no such file or directory, realpath '/home/windsurf/frontend/node_modules/.is-boolean-object-hGDEbujK/'
2025-04-26 16:01:51.981 [warning] [Model][getRepositoryExact] Failed to get repository realpath for: "/home/windsurf/frontend/node_modules/.safe-array-concat-gRywyvaw/". Error:Error: ENOENT: no such file or directory, realpath '/home/windsurf/frontend/node_modules/.safe-array-concat-gRywyvaw/'
2025-04-26 16:01:51.985 [warning] [Model][getRepositoryExact] Failed to get repository realpath for: "/home/windsurf/frontend/node_modules/.set-function-name-0pL8ccrE/". Error:Error: ENOENT: no such file or directory, realpath '/home/windsurf/frontend/node_modules/.set-function-name-0pL8ccrE/'
2025-04-26 16:01:51.991 [warning] [Model][getRepositoryExact] Failed to get repository realpath for: "/home/windsurf/frontend/node_modules/.side-channel-list-ueNaJfQ9/". Error:Error: ENOENT: no such file or directory, realpath '/home/windsurf/frontend/node_modules/.side-channel-list-ueNaJfQ9/'
2025-04-26 16:01:51.996 [warning] [Model][getRepositoryExact] Failed to get repository realpath for: "/home/windsurf/frontend/node_modules/.which-typed-array-U1ivRGeB/". Error:Error: ENOENT: no such file or directory, realpath '/home/windsurf/frontend/node_modules/.which-typed-array-U1ivRGeB/'
2025-04-26 16:01:52.000 [warning] [Model][getRepositoryExact] Failed to get repository realpath for: "/home/windsurf/frontend/node_modules/es-get-iterator/". Error:Error: ENOENT: no such file or directory, realpath '/home/windsurf/frontend/node_modules/es-get-iterator/'
2025-04-26 16:01:52.005 [warning] [Model][getRepositoryExact] Failed to get repository realpath for: "/home/windsurf/frontend/node_modules/es-to-primitive/". Error:Error: ENOENT: no such file or directory, realpath '/home/windsurf/frontend/node_modules/es-to-primitive/'
2025-04-26 16:01:52.010 [warning] [Model][getRepositoryExact] Failed to get repository realpath for: "/home/windsurf/frontend/node_modules/is-array-buffer/". Error:Error: ENOENT: no such file or directory, realpath '/home/windsurf/frontend/node_modules/is-array-buffer/'
2025-04-26 16:01:52.015 [warning] [Model][getRepositoryExact] Failed to get repository realpath for: "/home/windsurf/frontend/node_modules/safe-push-apply/". Error:Error: ENOENT: no such file or directory, realpath '/home/windsurf/frontend/node_modules/safe-push-apply/'
2025-04-26 16:01:52.020 [warning] [Model][getRepositoryExact] Failed to get repository realpath for: "/home/windsurf/frontend/node_modules/safe-regex-test/". Error:Error: ENOENT: no such file or directory, realpath '/home/windsurf/frontend/node_modules/safe-regex-test/'
2025-04-26 16:01:52.024 [warning] [Model][getRepositoryExact] Failed to get repository realpath for: "/home/windsurf/frontend/node_modules/unbox-primitive/". Error:Error: ENOENT: no such file or directory, realpath '/home/windsurf/frontend/node_modules/unbox-primitive/'
2025-04-26 16:01:52.029 [warning] [Model][getRepositoryExact] Failed to get repository realpath for: "/home/windsurf/frontend/node_modules/.iterator.prototype-La2oGXVj/". Error:Error: ENOENT: no such file or directory, realpath '/home/windsurf/frontend/node_modules/.iterator.prototype-La2oGXVj/'
2025-04-26 16:01:52.034 [warning] [Model][getRepositoryExact] Failed to get repository realpath for: "/home/windsurf/frontend/node_modules/.typed-array-buffer-oZ2yAWT4/". Error:Error: ENOENT: no such file or directory, realpath '/home/windsurf/frontend/node_modules/.typed-array-buffer-oZ2yAWT4/'
2025-04-26 16:01:52.038 [warning] [Model][getRepositoryExact] Failed to get repository realpath for: "/home/windsurf/frontend/node_modules/.typed-array-length-bT40vA2Y/". Error:Error: ENOENT: no such file or directory, realpath '/home/windsurf/frontend/node_modules/.typed-array-length-bT40vA2Y/'
2025-04-26 16:01:52.042 [warning] [Model][getRepositoryExact] Failed to get repository realpath for: "/home/windsurf/frontend/node_modules/data-view-buffer/". Error:Error: ENOENT: no such file or directory, realpath '/home/windsurf/frontend/node_modules/data-view-buffer/'
2025-04-26 16:01:52.057 [warning] [Model][getRepositoryExact] Failed to get repository realpath for: "/home/windsurf/frontend/node_modules/is-number-object/". Error:Error: ENOENT: no such file or directory, realpath '/home/windsurf/frontend/node_modules/is-number-object/'
2025-04-26 16:01:52.062 [warning] [Model][getRepositoryExact] Failed to get repository realpath for: "/home/windsurf/frontend/node_modules/side-channel-map/". Error:Error: ENOENT: no such file or directory, realpath '/home/windsurf/frontend/node_modules/side-channel-map/'
2025-04-26 16:01:52.066 [warning] [Model][getRepositoryExact] Failed to get repository realpath for: "/home/windsurf/frontend/node_modules/which-collection/". Error:Error: ENOENT: no such file or directory, realpath '/home/windsurf/frontend/node_modules/which-collection/'
2025-04-26 16:01:52.070 [warning] [Model][getRepositoryExact] Failed to get repository realpath for: "/home/windsurf/frontend/node_modules/.es-iterator-helpers-zJL1YYYQ/". Error:Error: ENOENT: no such file or directory, realpath '/home/windsurf/frontend/node_modules/.es-iterator-helpers-zJL1YYYQ/'
2025-04-26 16:01:52.076 [warning] [Model][getRepositoryExact] Failed to get repository realpath for: "/home/windsurf/frontend/node_modules/.es-shim-unscopables-BmYmti1t/". Error:Error: ENOENT: no such file or directory, realpath '/home/windsurf/frontend/node_modules/.es-shim-unscopables-BmYmti1t/'
2025-04-26 16:01:52.080 [warning] [Model][getRepositoryExact] Failed to get repository realpath for: "/home/windsurf/frontend/node_modules/.set-function-length-F0SxDOok/". Error:Error: ENOENT: no such file or directory, realpath '/home/windsurf/frontend/node_modules/.set-function-length-F0SxDOok/'
2025-04-26 16:01:52.087 [warning] [Model][getRepositoryExact] Failed to get repository realpath for: "/home/windsurf/frontend/node_modules/define-properties/". Error:Error: ENOENT: no such file or directory, realpath '/home/windsurf/frontend/node_modules/define-properties/'
2025-04-26 16:01:52.091 [warning] [Model][getRepositoryExact] Failed to get repository realpath for: "/home/windsurf/frontend/node_modules/is-boolean-object/". Error:Error: ENOENT: no such file or directory, realpath '/home/windsurf/frontend/node_modules/is-boolean-object/'
2025-04-26 16:01:52.096 [warning] [Model][getRepositoryExact] Failed to get repository realpath for: "/home/windsurf/frontend/node_modules/safe-array-concat/". Error:Error: ENOENT: no such file or directory, realpath '/home/windsurf/frontend/node_modules/safe-array-concat/'
2025-04-26 16:01:52.100 [warning] [Model][getRepositoryExact] Failed to get repository realpath for: "/home/windsurf/frontend/node_modules/set-function-name/". Error:Error: ENOENT: no such file or directory, realpath '/home/windsurf/frontend/node_modules/set-function-name/'
2025-04-26 16:01:52.104 [warning] [Model][getRepositoryExact] Failed to get repository realpath for: "/home/windsurf/frontend/node_modules/side-channel-list/". Error:Error: ENOENT: no such file or directory, realpath '/home/windsurf/frontend/node_modules/side-channel-list/'
2025-04-26 16:01:52.110 [warning] [Model][getRepositoryExact] Failed to get repository realpath for: "/home/windsurf/frontend/node_modules/which-typed-array/". Error:Error: ENOENT: no such file or directory, realpath '/home/windsurf/frontend/node_modules/which-typed-array/'
2025-04-26 16:01:52.115 [warning] [Model][getRepositoryExact] Failed to get repository realpath for: "/home/windsurf/frontend/node_modules/.define-data-property-FN0dixYg/". Error:Error: ENOENT: no such file or directory, realpath '/home/windsurf/frontend/node_modules/.define-data-property-FN0dixYg/'
2025-04-26 16:01:52.120 [warning] [Model][getRepositoryExact] Failed to get repository realpath for: "/home/windsurf/frontend/node_modules/.functions-have-names-WUnQDobS/". Error:Error: ENOENT: no such file or directory, realpath '/home/windsurf/frontend/node_modules/.functions-have-names-WUnQDobS/'
2025-04-26 16:01:52.124 [warning] [Model][getRepositoryExact] Failed to get repository realpath for: "/home/windsurf/frontend/node_modules/.side-channel-weakmap-lwHN1Uqj/". Error:Error: ENOENT: no such file or directory, realpath '/home/windsurf/frontend/node_modules/.side-channel-weakmap-lwHN1Uqj/'
2025-04-26 16:01:52.131 [warning] [Model][getRepositoryExact] Failed to get repository realpath for: "/home/windsurf/frontend/node_modules/iterator.prototype/". Error:Error: ENOENT: no such file or directory, realpath '/home/windsurf/frontend/node_modules/iterator.prototype/'
2025-04-26 16:01:52.135 [warning] [Model][getRepositoryExact] Failed to get repository realpath for: "/home/windsurf/frontend/node_modules/typed-array-buffer/". Error:Error: ENOENT: no such file or directory, realpath '/home/windsurf/frontend/node_modules/typed-array-buffer/'
2025-04-26 16:01:52.140 [warning] [Model][getRepositoryExact] Failed to get repository realpath for: "/home/windsurf/frontend/node_modules/typed-array-length/". Error:Error: ENOENT: no such file or directory, realpath '/home/windsurf/frontend/node_modules/typed-array-length/'
2025-04-26 16:01:52.148 [warning] [Model][getRepositoryExact] Failed to get repository realpath for: "/home/windsurf/frontend/node_modules/.data-view-byte-length-FrtrAETJ/". Error:Error: ENOENT: no such file or directory, realpath '/home/windsurf/frontend/node_modules/.data-view-byte-length-FrtrAETJ/'
2025-04-26 16:01:52.153 [warning] [Model][getRepositoryExact] Failed to get repository realpath for: "/home/windsurf/frontend/node_modules/.data-view-byte-offset-wkAQRd2u/". Error:Error: ENOENT: no such file or directory, realpath '/home/windsurf/frontend/node_modules/.data-view-byte-offset-wkAQRd2u/'
2025-04-26 16:01:52.158 [warning] [Model][getRepositoryExact] Failed to get repository realpath for: "/home/windsurf/frontend/node_modules/.which-boxed-primitive-lZv1tFRR/". Error:Error: ENOENT: no such file or directory, realpath '/home/windsurf/frontend/node_modules/.which-boxed-primitive-lZv1tFRR/'
2025-04-26 16:01:52.162 [warning] [Model][getRepositoryExact] Failed to get repository realpath for: "/home/windsurf/frontend/node_modules/es-iterator-helpers/". Error:Error: ENOENT: no such file or directory, realpath '/home/windsurf/frontend/node_modules/es-iterator-helpers/'
2025-04-26 16:01:52.167 [warning] [Model][getRepositoryExact] Failed to get repository realpath for: "/home/windsurf/frontend/node_modules/es-shim-unscopables/". Error:Error: ENOENT: no such file or directory, realpath '/home/windsurf/frontend/node_modules/es-shim-unscopables/'
2025-04-26 16:01:52.171 [warning] [Model][getRepositoryExact] Failed to get repository realpath for: "/home/windsurf/frontend/node_modules/set-function-length/". Error:Error: ENOENT: no such file or directory, realpath '/home/windsurf/frontend/node_modules/set-function-length/'
2025-04-26 16:01:52.176 [warning] [Model][getRepositoryExact] Failed to get repository realpath for: "/home/windsurf/frontend/node_modules/.get-symbol-description-eDuSkEjl/". Error:Error: ENOENT: no such file or directory, realpath '/home/windsurf/frontend/node_modules/.get-symbol-description-eDuSkEjl/'
2025-04-26 16:01:52.183 [warning] [Model][getRepositoryExact] Failed to get repository realpath for: "/home/windsurf/frontend/node_modules/.is-shared-array-buffer-jplA6vkj/". Error:Error: ENOENT: no such file or directory, realpath '/home/windsurf/frontend/node_modules/.is-shared-array-buffer-jplA6vkj/'
2025-04-26 16:01:52.188 [warning] [Model][getRepositoryExact] Failed to get repository realpath for: "/home/windsurf/frontend/node_modules/define-data-property/". Error:Error: ENOENT: no such file or directory, realpath '/home/windsurf/frontend/node_modules/define-data-property/'
2025-04-26 16:01:52.194 [warning] [Model][getRepositoryExact] Failed to get repository realpath for: "/home/windsurf/frontend/node_modules/functions-have-names/". Error:Error: ENOENT: no such file or directory, realpath '/home/windsurf/frontend/node_modules/functions-have-names/'
2025-04-26 16:01:52.202 [warning] [Model][getRepositoryExact] Failed to get repository realpath for: "/home/windsurf/frontend/node_modules/side-channel-weakmap/". Error:Error: ENOENT: no such file or directory, realpath '/home/windsurf/frontend/node_modules/side-channel-weakmap/'
2025-04-26 16:01:52.210 [warning] [Model][getRepositoryExact] Failed to get repository realpath for: "/home/windsurf/frontend/node_modules/.function.prototype.name-VRZLxGCK/". Error:Error: ENOENT: no such file or directory, realpath '/home/windsurf/frontend/node_modules/.function.prototype.name-VRZLxGCK/'
2025-04-26 16:01:52.216 [warning] [Model][getRepositoryExact] Failed to get repository realpath for: "/home/windsurf/frontend/node_modules/.is-finalizationregistry-NmbHGb7G/". Error:Error: ENOENT: no such file or directory, realpath '/home/windsurf/frontend/node_modules/.is-finalizationregistry-NmbHGb7G/'
2025-04-26 16:01:52.221 [warning] [Model][getRepositoryExact] Failed to get repository realpath for: "/home/windsurf/frontend/node_modules/.stop-iteration-iterator-DdtrpGUS/". Error:Error: ENOENT: no such file or directory, realpath '/home/windsurf/frontend/node_modules/.stop-iteration-iterator-DdtrpGUS/'
2025-04-26 16:01:52.226 [warning] [Model][getRepositoryExact] Failed to get repository realpath for: "/home/windsurf/frontend/node_modules/.typed-array-byte-length-UeJizSqM/". Error:Error: ENOENT: no such file or directory, realpath '/home/windsurf/frontend/node_modules/.typed-array-byte-length-UeJizSqM/'
2025-04-26 16:01:52.233 [warning] [Model][getRepositoryExact] Failed to get repository realpath for: "/home/windsurf/frontend/node_modules/.typed-array-byte-offset-GF7Jk0SB/". Error:Error: ENOENT: no such file or directory, realpath '/home/windsurf/frontend/node_modules/.typed-array-byte-offset-GF7Jk0SB/'
2025-04-26 16:01:52.239 [warning] [Model][getRepositoryExact] Failed to get repository realpath for: "/home/windsurf/frontend/node_modules/data-view-byte-length/". Error:Error: ENOENT: no such file or directory, realpath '/home/windsurf/frontend/node_modules/data-view-byte-length/'
2025-04-26 16:01:52.244 [warning] [Model][getRepositoryExact] Failed to get repository realpath for: "/home/windsurf/frontend/node_modules/data-view-byte-offset/". Error:Error: ENOENT: no such file or directory, realpath '/home/windsurf/frontend/node_modules/data-view-byte-offset/'
2025-04-26 16:01:52.248 [warning] [Model][getRepositoryExact] Failed to get repository realpath for: "/home/windsurf/frontend/node_modules/which-boxed-primitive/". Error:Error: ENOENT: no such file or directory, realpath '/home/windsurf/frontend/node_modules/which-boxed-primitive/'
2025-04-26 16:01:52.264 [warning] [Model][getRepositoryExact] Failed to get repository realpath for: "/home/windsurf/frontend/node_modules/.has-property-descriptors-UIl4HE3r/". Error:Error: ENOENT: no such file or directory, realpath '/home/windsurf/frontend/node_modules/.has-property-descriptors-UIl4HE3r/'
2025-04-26 16:01:52.274 [warning] [Model][getRepositoryExact] Failed to get repository realpath for: "/home/windsurf/frontend/node_modules/get-symbol-description/". Error:Error: ENOENT: no such file or directory, realpath '/home/windsurf/frontend/node_modules/get-symbol-description/'
2025-04-26 16:01:52.279 [warning] [Model][getRepositoryExact] Failed to get repository realpath for: "/home/windsurf/frontend/node_modules/is-shared-array-buffer/". Error:Error: ENOENT: no such file or directory, realpath '/home/windsurf/frontend/node_modules/is-shared-array-buffer/'
2025-04-26 16:01:52.288 [warning] [Model][getRepositoryExact] Failed to get repository realpath for: "/home/windsurf/frontend/node_modules/.string.prototype.matchall-qvmpbr4S/". Error:Error: ENOENT: no such file or directory, realpath '/home/windsurf/frontend/node_modules/.string.prototype.matchall-qvmpbr4S/'
2025-04-26 16:01:52.299 [warning] [Model][getRepositoryExact] Failed to get repository realpath for: "/home/windsurf/frontend/node_modules/function.prototype.name/". Error:Error: ENOENT: no such file or directory, realpath '/home/windsurf/frontend/node_modules/function.prototype.name/'
2025-04-26 16:01:52.304 [warning] [Model][getRepositoryExact] Failed to get repository realpath for: "/home/windsurf/frontend/node_modules/is-finalizationregistry/". Error:Error: ENOENT: no such file or directory, realpath '/home/windsurf/frontend/node_modules/is-finalizationregistry/'
2025-04-26 16:01:52.309 [warning] [Model][getRepositoryExact] Failed to get repository realpath for: "/home/windsurf/frontend/node_modules/stop-iteration-iterator/". Error:Error: ENOENT: no such file or directory, realpath '/home/windsurf/frontend/node_modules/stop-iteration-iterator/'
2025-04-26 16:01:52.316 [warning] [Model][getRepositoryExact] Failed to get repository realpath for: "/home/windsurf/frontend/node_modules/typed-array-byte-length/". Error:Error: ENOENT: no such file or directory, realpath '/home/windsurf/frontend/node_modules/typed-array-byte-length/'
2025-04-26 16:01:52.321 [warning] [Model][getRepositoryExact] Failed to get repository realpath for: "/home/windsurf/frontend/node_modules/typed-array-byte-offset/". Error:Error: ENOENT: no such file or directory, realpath '/home/windsurf/frontend/node_modules/typed-array-byte-offset/'
2025-04-26 16:01:52.326 [warning] [Model][getRepositoryExact] Failed to get repository realpath for: "/home/windsurf/frontend/node_modules/.fast-json-stable-stringify-ld9tyCFv/". Error:Error: ENOENT: no such file or directory, realpath '/home/windsurf/frontend/node_modules/.fast-json-stable-stringify-ld9tyCFv/'
2025-04-26 16:01:52.332 [warning] [Model][getRepositoryExact] Failed to get repository realpath for: "/home/windsurf/frontend/node_modules/.possible-typed-array-names-dZ1UVCva/". Error:Error: ENOENT: no such file or directory, realpath '/home/windsurf/frontend/node_modules/.possible-typed-array-names-dZ1UVCva/'
2025-04-26 16:01:52.336 [warning] [Model][getRepositoryExact] Failed to get repository realpath for: "/home/windsurf/frontend/node_modules/has-property-descriptors/". Error:Error: ENOENT: no such file or directory, realpath '/home/windsurf/frontend/node_modules/has-property-descriptors/'
2025-04-26 16:01:52.340 [warning] [Model][getRepositoryExact] Failed to get repository realpath for: "/home/windsurf/frontend/node_modules/string.prototype.matchall/". Error:Error: ENOENT: no such file or directory, realpath '/home/windsurf/frontend/node_modules/string.prototype.matchall/'
2025-04-26 16:01:52.344 [warning] [Model][getRepositoryExact] Failed to get repository realpath for: "/home/windsurf/frontend/node_modules/fast-json-stable-stringify/". Error:Error: ENOENT: no such file or directory, realpath '/home/windsurf/frontend/node_modules/fast-json-stable-stringify/'
2025-04-26 16:01:52.348 [warning] [Model][getRepositoryExact] Failed to get repository realpath for: "/home/windsurf/frontend/node_modules/possible-typed-array-names/". Error:Error: ENOENT: no such file or directory, realpath '/home/windsurf/frontend/node_modules/possible-typed-array-names/'
2025-04-26 16:01:52.351 [warning] [Model][getRepositoryExact] Failed to get repository realpath for: "/home/windsurf/frontend/node_modules/.es-array-method-boxes-properly-EN1pscIK/". Error:Error: ENOENT: no such file or directory, realpath '/home/windsurf/frontend/node_modules/.es-array-method-boxes-properly-EN1pscIK/'
2025-04-26 16:01:52.355 [warning] [Model][getRepositoryExact] Failed to get repository realpath for: "/home/windsurf/frontend/node_modules/.supports-preserve-symlinks-flag-TNJ0Xdn3/". Error:Error: ENOENT: no such file or directory, realpath '/home/windsurf/frontend/node_modules/.supports-preserve-symlinks-flag-TNJ0Xdn3/'
2025-04-26 16:01:52.360 [warning] [Model][getRepositoryExact] Failed to get repository realpath for: "/home/windsurf/frontend/node_modules/es-array-method-boxes-properly/". Error:Error: ENOENT: no such file or directory, realpath '/home/windsurf/frontend/node_modules/es-array-method-boxes-properly/'
2025-04-26 16:01:52.365 [warning] [Model][getRepositoryExact] Failed to get repository realpath for: "/home/windsurf/frontend/node_modules/supports-preserve-symlinks-flag/". Error:Error: ENOENT: no such file or directory, realpath '/home/windsurf/frontend/node_modules/supports-preserve-symlinks-flag/'
2025-04-26 16:01:52.370 [warning] [Model][getRepositoryExact] Failed to get repository realpath for: "/home/windsurf/frontend/node_modules/.fastq-PlvlD6hn/". Error:Error: ENOENT: no such file or directory, realpath '/home/windsurf/frontend/node_modules/.fastq-PlvlD6hn/'
2025-04-26 16:01:52.374 [warning] [Model][getRepositoryExact] Failed to get repository realpath for: "/home/windsurf/frontend/node_modules/.reusify-eztccEAm/". Error:Error: ENOENT: no such file or directory, realpath '/home/windsurf/frontend/node_modules/.reusify-eztccEAm/'
2025-04-26 16:01:52.379 [warning] [Model][getRepositoryExact] Failed to get repository realpath for: "/home/windsurf/frontend/node_modules/.fast-uri-zF99XC7n/". Error:Error: ENOENT: no such file or directory, realpath '/home/windsurf/frontend/node_modules/.fast-uri-zF99XC7n/'
2025-04-26 16:01:53.286 [warning] [Model][getRepositoryExact] Failed to get repository realpath for: "/home/windsurf/frontend/node_modules/.pretty-error-sdSZIxNm/". Error:Error: ENOENT: no such file or directory, realpath '/home/windsurf/frontend/node_modules/.pretty-error-sdSZIxNm/'
2025-04-26 16:01:53.291 [warning] [Model][getRepositoryExact] Failed to get repository realpath for: "/home/windsurf/frontend/node_modules/pretty-error/". Error:Error: ENOENT: no such file or directory, realpath '/home/windsurf/frontend/node_modules/pretty-error/'
2025-04-26 16:01:53.295 [warning] [Model][getRepositoryExact] Failed to get repository realpath for: "/home/windsurf/frontend/node_modules/.util.promisify-eQ15dhIm/". Error:Error: ENOENT: no such file or directory, realpath '/home/windsurf/frontend/node_modules/.util.promisify-eQ15dhIm/'
2025-04-26 16:01:53.299 [warning] [Model][getRepositoryExact] Failed to get repository realpath for: "/home/windsurf/frontend/node_modules/.postcss-initial-x5FmhQuR/". Error:Error: ENOENT: no such file or directory, realpath '/home/windsurf/frontend/node_modules/.postcss-initial-x5FmhQuR/'
2025-04-26 16:01:53.304 [warning] [Model][getRepositoryExact] Failed to get repository realpath for: "/home/windsurf/frontend/node_modules/@ungap/structured-clone/". Error:Error: ENOENT: no such file or directory, realpath '/home/windsurf/frontend/node_modules/@ungap/structured-clone/'
2025-04-26 16:01:53.309 [warning] [Model][getRepositoryExact] Failed to get repository realpath for: "/home/windsurf/frontend/node_modules/.string.prototype.includes-PO8hTdeT/". Error:Error: ENOENT: no such file or directory, realpath '/home/windsurf/frontend/node_modules/.string.prototype.includes-PO8hTdeT/'
2025-04-26 16:01:53.313 [warning] [Model][getRepositoryExact] Failed to get repository realpath for: "/home/windsurf/frontend/node_modules/string.prototype.includes/". Error:Error: ENOENT: no such file or directory, realpath '/home/windsurf/frontend/node_modules/string.prototype.includes/'
2025-04-26 16:01:53.317 [warning] [Model][getRepositoryExact] Failed to get repository realpath for: "/home/windsurf/frontend/node_modules/util.promisify/". Error:Error: ENOENT: no such file or directory, realpath '/home/windsurf/frontend/node_modules/util.promisify/'
2025-04-26 16:01:53.320 [warning] [Model][getRepositoryExact] Failed to get repository realpath for: "/home/windsurf/frontend/node_modules/.babel-preset-current-node-syntax-N5npyKoZ/". Error:Error: ENOENT: no such file or directory, realpath '/home/windsurf/frontend/node_modules/.babel-preset-current-node-syntax-N5npyKoZ/'
2025-04-26 16:01:53.328 [warning] [Model][getRepositoryExact] Failed to get repository realpath for: "/home/windsurf/frontend/node_modules/babel-preset-current-node-syntax/". Error:Error: ENOENT: no such file or directory, realpath '/home/windsurf/frontend/node_modules/babel-preset-current-node-syntax/'
2025-04-26 16:01:54.089 [warning] [Model][getRepositoryExact] Failed to get repository realpath for: "/home/windsurf/frontend/node_modules/eslint-plugin-react/node_modules/resolve/". Error:Error: ENOENT: no such file or directory, realpath '/home/windsurf/frontend/node_modules/eslint-plugin-react/node_modules/resolve/'
2025-04-26 16:01:54.903 [warning] [Model][getRepositoryExact] Failed to get repository realpath for: "/home/windsurf/frontend/node_modules/ajv-formats/node_modules/json-schema-traverse/". Error:Error: ENOENT: no such file or directory, realpath '/home/windsurf/frontend/node_modules/ajv-formats/node_modules/json-schema-traverse/'
2025-04-26 16:01:54.907 [warning] [Model][getRepositoryExact] Failed to get repository realpath for: "/home/windsurf/frontend/node_modules/schema-utils/node_modules/json-schema-traverse/". Error:Error: ENOENT: no such file or directory, realpath '/home/windsurf/frontend/node_modules/schema-utils/node_modules/json-schema-traverse/'
2025-04-26 16:01:54.912 [warning] [Model][getRepositoryExact] Failed to get repository realpath for: "/home/windsurf/frontend/node_modules/workbox-build/node_modules/json-schema-traverse/". Error:Error: ENOENT: no such file or directory, realpath '/home/windsurf/frontend/node_modules/workbox-build/node_modules/json-schema-traverse/'
