2025-04-26 17:11:30.936 [info] Extension host with pid 7860 started
2025-04-26 17:11:30.948 [error] Error: EEXIST: file already exists, open '/home/windsurf/.windsurf-server/data/User/workspaceStorage/577edb65cae8197399b85b2b078f4d5e/vscode.lock'
2025-04-26 17:11:30.968 [info] Lock '/home/windsurf/.windsurf-server/data/User/workspaceStorage/577edb65cae8197399b85b2b078f4d5e/vscode.lock': Could not acquire lock, checking if the file is stale.
2025-04-26 17:11:30.969 [info] Lock '/home/windsurf/.windsurf-server/data/User/workspaceStorage/577edb65cae8197399b85b2b078f4d5e/vscode.lock': The pid 1388 appears to be gone.
2025-04-26 17:11:30.969 [info] Lock '/home/windsurf/.windsurf-server/data/User/workspaceStorage/577edb65cae8197399b85b2b078f4d5e/vscode.lock': Deleting a stale lock.
2025-04-26 17:11:30.972 [info] Lock '/home/windsurf/.windsurf-server/data/User/workspaceStorage/577edb65cae8197399b85b2b078f4d5e/vscode.lock': Lock acquired.
2025-04-26 17:11:31.055 [info] ExtensionService#_doActivateExtension vscode.emmet, startup: false, activationEvent: 'onLanguage'
2025-04-26 17:11:31.056 [info] ExtensionService#_doActivateExtension vscode.tunnel-forwarding, startup: false, activationEvent: 'onTunnel'
2025-04-26 17:11:31.057 [info] ExtensionService#_doActivateExtension vscode.extension-editing, startup: false, activationEvent: 'onLanguage:markdown'
2025-04-26 17:11:31.057 [info] ExtensionService#_doActivateExtension vscode.markdown-language-features, startup: false, activationEvent: 'onLanguage:markdown'
2025-04-26 17:11:31.809 [info] ExtensionService#_doActivateExtension vscode.git-base, startup: true, activationEvent: '*', root cause: vscode.git
2025-04-26 17:11:31.896 [info] ExtensionService#_doActivateExtension vscode.git, startup: true, activationEvent: '*'
2025-04-26 17:11:31.896 [info] ExtensionService#_doActivateExtension vscode.github, startup: true, activationEvent: '*'
2025-04-26 17:11:32.297 [info] ExtensionService#_doActivateExtension vscode.markdown-math, startup: false, activationEvent: 'api', root cause: vscode.markdown-language-features
2025-04-26 17:11:32.540 [info] ExtensionService#_doActivateExtension codeium.windsurf, startup: true, activationEvent: '*'
2025-04-26 17:11:41.760 [info] Eager extensions activated
2025-04-26 17:11:41.761 [info] ExtensionService#_doActivateExtension vscode.debug-auto-launch, startup: false, activationEvent: 'onStartupFinished'
2025-04-26 17:11:41.761 [info] ExtensionService#_doActivateExtension vscode.merge-conflict, startup: false, activationEvent: 'onStartupFinished'
2025-04-26 17:11:42.324 [info] ExtensionService#_doActivateExtension ms-python.python, startup: false, activationEvent: 'onLanguage:python', root cause: Codeium.windsurfPyright
2025-04-26 17:11:42.325 [info] ExtensionService#_doActivateExtension vscode.typescript-language-features, startup: false, activationEvent: 'onLanguage:javascript'
2025-04-26 17:11:42.325 [info] ExtensionService#_doActivateExtension vscode.configuration-editing, startup: false, activationEvent: 'onLanguage:json'
2025-04-26 17:11:42.326 [info] ExtensionService#_doActivateExtension vscode.json-language-features, startup: false, activationEvent: 'onLanguage:json'
2025-04-26 17:11:42.326 [info] ExtensionService#_doActivateExtension vscode.npm, startup: false, activationEvent: 'onLanguage:json'
2025-04-26 17:11:43.241 [info] ExtensionService#_doActivateExtension ms-azuretools.vscode-docker, startup: false, activationEvent: 'onLanguage:dockercompose'
2025-04-26 17:11:43.241 [info] ExtensionService#_doActivateExtension vscode.css-language-features, startup: false, activationEvent: 'onLanguage:css'
2025-04-26 17:11:43.242 [info] ExtensionService#_doActivateExtension vscode.html-language-features, startup: false, activationEvent: 'onLanguage:html'
2025-04-26 17:11:45.166 [info] ExtensionService#_doActivateExtension Codeium.windsurfPyright, startup: false, activationEvent: 'onLanguage:python'
2025-04-26 17:11:45.167 [info] ExtensionService#_doActivateExtension ms-python.debugpy, startup: false, activationEvent: 'onLanguage:python'
2025-04-26 17:23:51.492 [warning] [Decorations] CAPPING events from decorations provider vscode.git 10000
2025-04-26 17:23:53.892 [warning] [Decorations] CAPPING events from decorations provider vscode.git 10000
2025-04-26 17:24:29.372 [warning] [Decorations] CAPPING events from decorations provider vscode.git 10000
