0 verbose cli /home/windsurf/.nvm/versions/node/v22.15.0/bin/node /home/windsurf/.nvm/versions/node/v22.15.0/bin/npm
1 info using npm@11.3.0
2 info using node@v22.15.0
3 silly config load:file:/home/windsurf/.nvm/versions/node/v22.15.0/lib/node_modules/npm/npmrc
4 silly config load:file:/home/windsurf/.cache/typescript/5.7/.npmrc
5 silly config load:file:/home/windsurf/.npmrc
6 silly config load:file:/home/windsurf/.nvm/versions/node/v22.15.0/etc/npmrc
7 verbose title npm install @types/less@ts5.7 @types/stylus@ts5.7
8 verbose argv "install" "--ignore-scripts" "@types/less@ts5.7" "@types/stylus@ts5.7" "--save-dev" "--user-agent" "typesInstaller/5.7.3"
9 verbose logfile logs-max:10 dir:/home/windsurf/.npm/_logs/2025-04-26T15_54_16_996Z-
10 verbose logfile /home/windsurf/.npm/_logs/2025-04-26T15_54_16_996Z-debug-0.log
11 silly logfile start cleaning logs, removing 1 files
12 silly logfile done cleaning log files
13 silly packumentCache heap:2197815296 maxSize:549453824 maxEntrySize:274726912
14 silly packumentCache corgi:https://registry.npmjs.org/@types%2fless cache-miss
15 silly packumentCache corgi:https://registry.npmjs.org/@types%2fstylus cache-miss
16 http fetch GET 200 https://registry.npmjs.org/@types%2fless 226ms (cache miss)
17 silly packumentCache corgi:https://registry.npmjs.org/@types%2fless set size:undefined disposed:false
18 http fetch GET 200 https://registry.npmjs.org/@types%2fstylus 255ms (cache miss)
19 silly packumentCache corgi:https://registry.npmjs.org/@types%2fstylus set size:undefined disposed:false
20 silly idealTree buildDeps
21 silly fetch manifest @types/less@3.0.8
22 silly packumentCache full:https://registry.npmjs.org/@types%2fless cache-miss
23 http fetch GET 200 https://registry.npmjs.org/@types%2fless 48ms (cache miss)
24 silly packumentCache full:https://registry.npmjs.org/@types%2fless set size:undefined disposed:false
25 silly fetch manifest @types/stylus@0.48.43
26 silly packumentCache full:https://registry.npmjs.org/@types%2fstylus cache-miss
27 http fetch GET 200 https://registry.npmjs.org/@types%2fstylus 51ms (cache miss)
28 silly packumentCache full:https://registry.npmjs.org/@types%2fstylus set size:undefined disposed:false
29 silly placeDep ROOT @types/less@3.0.8 OK for:  want: 3.0.8
30 silly placeDep ROOT @types/stylus@0.48.43 OK for:  want: 0.48.43
31 silly fetch manifest @types/node@*
32 silly packumentCache full:https://registry.npmjs.org/@types%2fnode cache-miss
33 http cache https://registry.npmjs.org/@types%2fnode 120ms (cache hit)
34 silly packumentCache full:https://registry.npmjs.org/@types%2fnode set size:9838867 disposed:false
35 silly placeDep ROOT @types/node@22.15.2 OK for: @types/stylus@0.48.43 want: *
36 silly fetch manifest undici-types@~6.21.0
37 silly packumentCache full:https://registry.npmjs.org/undici-types cache-miss
38 http fetch GET 200 https://registry.npmjs.org/undici-types 69ms (cache updated)
39 silly packumentCache full:https://registry.npmjs.org/undici-types set size:undefined disposed:false
40 silly placeDep ROOT undici-types@6.21.0 OK for: @types/node@22.15.2 want: ~6.21.0
41 silly reify moves {}
42 silly audit bulk request {
42 silly audit   '@types/react': [ '19.1.2' ],
42 silly audit   '@types/react-dom': [ '19.1.2' ],
42 silly audit   csstype: [ '3.1.3' ],
42 silly audit   'types-registry': [ '0.1.717' ],
42 silly audit   '@types/less': [ '3.0.8' ],
42 silly audit   '@types/stylus': [ '0.48.43' ],
42 silly audit   '@types/node': [ '22.15.2' ],
42 silly audit   'undici-types': [ '6.21.0' ]
42 silly audit }
43 http cache undici-types@https://registry.npmjs.org/undici-types/-/undici-types-6.21.0.tgz 0ms (cache hit)
44 http cache @types/node@https://registry.npmjs.org/@types/node/-/node-22.15.2.tgz 0ms (cache hit)
45 http cache @types/stylus@https://registry.npmjs.org/@types/stylus/-/stylus-0.48.43.tgz 0ms (cache hit)
46 http cache @types/less@https://registry.npmjs.org/@types/less/-/less-3.0.8.tgz 0ms (cache hit)
47 silly tarball no local data for @types/stylus@https://registry.npmjs.org/@types/stylus/-/stylus-0.48.43.tgz. Extracting by manifest.
48 silly tarball no local data for @types/less@https://registry.npmjs.org/@types/less/-/less-3.0.8.tgz. Extracting by manifest.
49 http fetch POST 200 https://registry.npmjs.org/-/npm/v1/security/advisories/bulk 107ms
50 silly audit report {}
51 http fetch GET 200 https://registry.npmjs.org/@types/stylus/-/stylus-0.48.43.tgz 99ms (cache miss)
52 http fetch GET 200 https://registry.npmjs.org/@types/less/-/less-3.0.8.tgz 98ms (cache miss)
53 silly ADD node_modules/undici-types
54 silly ADD node_modules/@types/node
55 silly ADD node_modules/@types/stylus
56 silly ADD node_modules/@types/less
57 verbose cwd /home/windsurf/.cache/typescript/5.7
58 verbose os Linux 5.2.0
59 verbose node v22.15.0
60 verbose npm  v11.3.0
61 verbose exit 0
62 info ok
