0 verbose cli /home/windsurf/.nvm/versions/node/v22.15.0/bin/node /home/windsurf/.nvm/versions/node/v22.15.0/bin/npm
1 info using npm@11.3.0
2 info using node@v22.15.0
3 silly config load:file:/home/windsurf/.nvm/versions/node/v22.15.0/lib/node_modules/npm/npmrc
4 silly config load:file:/home/windsurf/.cache/typescript/5.7/.npmrc
5 silly config load:file:/home/windsurf/.npmrc
6 silly config load:file:/home/windsurf/.nvm/versions/node/v22.15.0/etc/npmrc
7 verbose title npm install types-registry@latest
8 verbose argv "install" "--ignore-scripts" "types-registry@latest"
9 verbose logfile logs-max:10 dir:/home/windsurf/.npm/_logs/2025-04-26T17_12_08_408Z-
10 verbose logfile /home/windsurf/.npm/_logs/2025-04-26T17_12_08_408Z-debug-0.log
11 silly logfile start cleaning logs, removing 1 files
12 silly logfile done cleaning log files
13 silly packumentCache heap:2197815296 maxSize:549453824 maxEntrySize:274726912
14 silly packumentCache corgi:https://registry.npmjs.org/types-registry cache-miss
15 http fetch GET 200 https://registry.npmjs.org/types-registry 370ms (cache updated)
16 silly packumentCache corgi:https://registry.npmjs.org/types-registry set size:undefined disposed:false
17 silly idealTree buildDeps
18 silly fetch manifest types-registry@0.1.717
19 silly packumentCache full:https://registry.npmjs.org/types-registry cache-miss
20 http fetch GET 200 https://registry.npmjs.org/types-registry 91ms (cache updated)
21 silly packumentCache full:https://registry.npmjs.org/types-registry set size:undefined disposed:false
22 silly placeDep ROOT types-registry@0.1.717 REPLACE for:  want: 0.1.717
23 silly reify moves {}
24 silly audit bulk request {
24 silly audit   '@types/debug': [ '4.1.12' ],
24 silly audit   '@types/jsdom': [ '21.1.7' ],
24 silly audit   '@types/less': [ '3.0.8' ],
24 silly audit   '@types/ms': [ '2.1.0' ],
24 silly audit   '@types/node': [ '22.15.2' ],
24 silly audit   '@types/react': [ '19.1.2' ],
24 silly audit   '@types/react-dom': [ '19.1.2' ],
24 silly audit   '@types/stylus': [ '0.48.43' ],
24 silly audit   '@types/tough-cookie': [ '4.0.5' ],
24 silly audit   csstype: [ '3.1.3' ],
24 silly audit   entities: [ '6.0.0' ],
24 silly audit   parse5: [ '7.3.0' ],
24 silly audit   'undici-types': [ '6.21.0' ],
24 silly audit   'types-registry': [ '0.1.717' ]
24 silly audit }
25 http fetch POST 200 https://registry.npmjs.org/-/npm/v1/security/advisories/bulk 125ms
26 silly audit report {}
27 verbose cwd /home/windsurf/.cache/typescript/5.7
28 verbose os Linux 5.2.0
29 verbose node v22.15.0
30 verbose npm  v11.3.0
31 verbose exit 0
32 info ok
