0 verbose cli /home/windsurf/.nvm/versions/node/v22.15.0/bin/node /home/windsurf/.nvm/versions/node/v22.15.0/bin/npm
1 info using npm@11.3.0
2 info using node@v22.15.0
3 silly config load:file:/home/windsurf/.nvm/versions/node/v22.15.0/lib/node_modules/npm/npmrc
4 silly config load:file:/home/windsurf/.cache/typescript/5.7/.npmrc
5 silly config load:file:/home/windsurf/.npmrc
6 silly config load:file:/home/windsurf/.nvm/versions/node/v22.15.0/etc/npmrc
7 verbose title npm install @types/jsdom@ts5.7
8 verbose argv "install" "--ignore-scripts" "@types/jsdom@ts5.7" "--save-dev" "--user-agent" "typesInstaller/5.7.3"
9 verbose logfile logs-max:10 dir:/home/windsurf/.npm/_logs/2025-04-26T16_01_58_097Z-
10 verbose logfile /home/windsurf/.npm/_logs/2025-04-26T16_01_58_097Z-debug-0.log
11 silly logfile start cleaning logs, removing 1 files
12 silly packumentCache heap:2197815296 maxSize:549453824 maxEntrySize:274726912
13 silly logfile done cleaning log files
14 silly packumentCache corgi:https://registry.npmjs.org/@types%2fjsdom cache-miss
15 http fetch GET 200 https://registry.npmjs.org/@types%2fjsdom 196ms (cache miss)
16 silly packumentCache corgi:https://registry.npmjs.org/@types%2fjsdom set size:undefined disposed:false
17 silly idealTree buildDeps
18 silly fetch manifest @types/jsdom@21.1.7
19 silly packumentCache full:https://registry.npmjs.org/@types%2fjsdom cache-miss
20 http fetch GET 200 https://registry.npmjs.org/@types%2fjsdom 59ms (cache miss)
21 silly packumentCache full:https://registry.npmjs.org/@types%2fjsdom set size:undefined disposed:false
22 silly placeDep ROOT @types/jsdom@21.1.7 OK for:  want: 21.1.7
23 silly fetch manifest parse5@^7.0.0
24 silly packumentCache full:https://registry.npmjs.org/parse5 cache-miss
25 silly fetch manifest @types/tough-cookie@*
26 silly packumentCache full:https://registry.npmjs.org/@types%2ftough-cookie cache-miss
27 http cache https://registry.npmjs.org/parse5 12ms (cache hit)
28 silly packumentCache full:https://registry.npmjs.org/parse5 set size:118766 disposed:false
29 http fetch GET 200 https://registry.npmjs.org/@types%2ftough-cookie 54ms (cache miss)
30 silly packumentCache full:https://registry.npmjs.org/@types%2ftough-cookie set size:undefined disposed:false
31 silly placeDep ROOT @types/tough-cookie@4.0.5 OK for: @types/jsdom@21.1.7 want: *
32 silly placeDep ROOT parse5@7.3.0 OK for: @types/jsdom@21.1.7 want: ^7.0.0
33 silly fetch manifest entities@^6.0.0
34 silly packumentCache full:https://registry.npmjs.org/entities cache-miss
35 http cache https://registry.npmjs.org/entities 18ms (cache hit)
36 silly packumentCache full:https://registry.npmjs.org/entities set size:87965 disposed:false
37 silly placeDep ROOT entities@6.0.0 OK for: parse5@7.3.0 want: ^6.0.0
38 silly reify moves {}
39 silly audit bulk request {
39 silly audit   '@types/less': [ '3.0.8' ],
39 silly audit   '@types/node': [ '22.15.2' ],
39 silly audit   '@types/react': [ '19.1.2' ],
39 silly audit   '@types/react-dom': [ '19.1.2' ],
39 silly audit   '@types/stylus': [ '0.48.43' ],
39 silly audit   csstype: [ '3.1.3' ],
39 silly audit   'types-registry': [ '0.1.717' ],
39 silly audit   'undici-types': [ '6.21.0' ],
39 silly audit   '@types/jsdom': [ '21.1.7' ],
39 silly audit   '@types/tough-cookie': [ '4.0.5' ],
39 silly audit   parse5: [ '7.3.0' ],
39 silly audit   entities: [ '6.0.0' ]
39 silly audit }
40 http cache entities@https://registry.npmjs.org/entities/-/entities-6.0.0.tgz 0ms (cache hit)
41 http cache parse5@https://registry.npmjs.org/parse5/-/parse5-7.3.0.tgz 0ms (cache hit)
42 http cache @types/tough-cookie@https://registry.npmjs.org/@types/tough-cookie/-/tough-cookie-4.0.5.tgz 0ms (cache hit)
43 http cache @types/jsdom@https://registry.npmjs.org/@types/jsdom/-/jsdom-21.1.7.tgz 0ms (cache hit)
44 silly tarball no local data for @types/tough-cookie@https://registry.npmjs.org/@types/tough-cookie/-/tough-cookie-4.0.5.tgz. Extracting by manifest.
45 silly tarball no local data for @types/jsdom@https://registry.npmjs.org/@types/jsdom/-/jsdom-21.1.7.tgz. Extracting by manifest.
46 http fetch POST 200 https://registry.npmjs.org/-/npm/v1/security/advisories/bulk 131ms
47 silly audit report {}
48 http fetch GET 200 https://registry.npmjs.org/@types/tough-cookie/-/tough-cookie-4.0.5.tgz 168ms (cache miss)
49 http fetch GET 200 https://registry.npmjs.org/@types/jsdom/-/jsdom-21.1.7.tgz 165ms (cache miss)
50 silly ADD node_modules/entities
51 silly ADD node_modules/parse5
52 silly ADD node_modules/@types/tough-cookie
53 silly ADD node_modules/@types/jsdom
54 verbose cwd /home/windsurf/.cache/typescript/5.7
55 verbose os Linux 5.2.0
56 verbose node v22.15.0
57 verbose npm  v11.3.0
58 verbose exit 0
59 info ok
