2025-04-25 21:23:47.370 [info] Extension host with pid 5038 started
2025-04-25 21:23:47.384 [info] Lock '/home/windsurf/.windsurf-server/data/User/workspaceStorage/577edb65cae8197399b85b2b078f4d5e/vscode.lock': Lock acquired.
2025-04-25 21:23:47.525 [info] ExtensionService#_doActivateExtension vscode.emmet, startup: false, activationEvent: 'onLanguage'
2025-04-25 21:23:47.526 [info] ExtensionService#_doActivateExtension vscode.tunnel-forwarding, startup: false, activationEvent: 'onTunnel'
2025-04-25 21:23:47.717 [info] ExtensionService#_doActivateExtension vscode.git-base, startup: true, activationEvent: '*', root cause: vscode.git
2025-04-25 21:23:47.825 [info] ExtensionService#_doActivateExtension vscode.git, startup: true, activationEvent: '*'
2025-04-25 21:23:47.826 [info] ExtensionService#_doActivateExtension vscode.github, startup: true, activationEvent: '*'
2025-04-25 21:23:48.250 [info] ExtensionService#_doActivateExtension codeium.windsurf, startup: true, activationEvent: '*'
2025-04-25 21:23:54.183 [info] Eager extensions activated
2025-04-25 21:23:54.183 [info] ExtensionService#_doActivateExtension vscode.debug-auto-launch, startup: false, activationEvent: 'onStartupFinished'
2025-04-25 21:23:54.184 [info] ExtensionService#_doActivateExtension vscode.merge-conflict, startup: false, activationEvent: 'onStartupFinished'
2025-04-25 21:25:29.414 [info] ExtensionService#_doActivateExtension ms-python.python, startup: false, activationEvent: 'onLanguage:python', root cause: ms-python.debugpy
2025-04-25 21:25:30.148 [info] ExtensionService#_doActivateExtension ms-python.debugpy, startup: false, activationEvent: 'onLanguage:python'
2025-04-25 21:25:30.585 [error] TypeError: Cannot read properties of undefined (reading 'toString')
	at /home/windsurf/.windsurf-server/extensions/ms-python.debugpy-2025.6.0-linux-x64/dist/extension.js:2:849866
	at FSReqCallback.readFileAfterClose [as oncomplete] (node:internal/fs/read/context:52:12)
2025-04-25 21:25:37.390 [info] ExtensionService#_doActivateExtension Codeium.windsurfPyright, startup: false, activationEvent: 'onLanguage:python'
2025-04-25 21:29:35.598 [info] ExtensionService#_doActivateExtension vscode.html-language-features, startup: false, activationEvent: 'onLanguage:html'
2025-04-25 21:29:35.739 [info] ExtensionService#_doActivateExtension vscode.typescript-language-features, startup: false, activationEvent: 'onLanguage:javascript'
2025-04-25 21:30:07.938 [info] ExtensionService#_doActivateExtension vscode.css-language-features, startup: false, activationEvent: 'onLanguage:css'
2025-04-25 21:38:35.425 [info] Extension host terminating: received terminate message from renderer
2025-04-25 21:38:35.426 [info] Lock '/home/windsurf/.windsurf-server/data/User/workspaceStorage/577edb65cae8197399b85b2b078f4d5e/vscode.lock': Marking the lockfile as scheduled to be released in 6000 ms.
2025-04-25 21:38:35.524 [info] Extension host with pid 5038 exiting with code 0
