2025-04-25 21:25:30.031 [info] Experiment 'pythonaacf' is active
2025-04-25 21:25:30.032 [info] Experiment 'pythonRecommendTensorboardExt' is active
2025-04-25 21:25:30.032 [info] Experiment 'pythonTerminalEnvVarActivation' is active
2025-04-25 21:25:30.032 [warning] Dir "/home/windsurf/.pixi/envs" is not watchable (directory does not exist)
2025-04-25 21:25:30.135 [info] Starting Environment refresh
2025-04-25 21:25:30.135 [info] Searching for interpreters in posix paths locator
2025-04-25 21:25:30.143 [info] Searching for pyenv environments
2025-04-25 21:25:30.143 [info] Searching for conda environments
2025-04-25 21:25:30.143 [info] Searching for global virtual environments
2025-04-25 21:25:30.144 [info] Searching for custom virtual environments
2025-04-25 21:25:30.221 [info] pyenv is not installed
2025-04-25 21:25:30.221 [info] Finished searching for pyenv environments: 85 milliseconds
2025-04-25 21:25:30.222 [info] Finished searching for custom virtual envs: 84 milliseconds
2025-04-25 21:25:30.228 [info] > conda info --json
2025-04-25 21:25:30.234 [info] > hatch env show --json
2025-04-25 21:25:30.234 [info] cwd: .
2025-04-25 21:25:30.239 [info] > pyenv which python
2025-04-25 21:25:30.239 [info] cwd: .
2025-04-25 21:25:30.239 [info] Finished searching for global virtual envs: 102 milliseconds
2025-04-25 21:25:30.251 [info] Found: /bin/python --> /bin/python3.10
2025-04-25 21:25:30.253 [info] Found: /bin/python3 --> /bin/python3.10
2025-04-25 21:25:30.254 [info] Found: /bin/python3.10 --> /bin/python3.10
2025-04-25 21:25:30.269 [info] Found: /usr/bin/python --> /usr/bin/python3.10
2025-04-25 21:25:30.269 [info] Found: /usr/bin/python3 --> /usr/bin/python3.10
2025-04-25 21:25:30.269 [info] Found: /usr/bin/python3.10 --> /usr/bin/python3.10
2025-04-25 21:25:30.319 [info] Finished searching for interpreters in posix paths locator: 180 milliseconds
2025-04-25 21:25:30.319 [info] > /bin/python -I ./.windsurf-server/extensions/ms-python.python-2025.4.0-universal/python_files/get_output_via_markers.py ./.windsurf-server/extensions/ms-python.python-2025.4.0-universal/python_files/interpreterInfo.py
2025-04-25 21:25:30.330 [info] > /usr/bin/python -I ./.windsurf-server/extensions/ms-python.python-2025.4.0-universal/python_files/get_output_via_markers.py ./.windsurf-server/extensions/ms-python.python-2025.4.0-universal/python_files/interpreterInfo.py
2025-04-25 21:25:30.330 [info] Environments refresh paths discovered (event): 198 milliseconds
2025-04-25 21:25:30.330 [info] Environments refresh paths discovered: 198 milliseconds
2025-04-25 21:25:30.722 [info] Environments refresh finished (event): 590 milliseconds
2025-04-25 21:25:30.732 [info] Environment refresh took 600 milliseconds
2025-04-25 21:25:30.736 [info] Python interpreter path: /bin/python
2025-04-25 21:25:33.014 [info] Starting Jedi language server for windsurf.
2025-04-25 21:25:37.267 [info] Editor support is inactive since language server is set to None.
