2025-04-26 15:21:59.570 [info] Extension host with pid 37020 started
2025-04-26 15:21:59.583 [info] Lock '/home/windsurf/.windsurf-server/data/User/workspaceStorage/577edb65cae8197399b85b2b078f4d5e/vscode.lock': Lock acquired.
2025-04-26 15:21:59.869 [info] ExtensionService#_doActivateExtension vscode.emmet, startup: false, activationEvent: 'onLanguage'
2025-04-26 15:21:59.870 [info] ExtensionService#_doActivateExtension vscode.tunnel-forwarding, startup: false, activationEvent: 'onTunnel'
2025-04-26 15:21:59.870 [info] ExtensionService#_doActivateExtension vscode.extension-editing, startup: false, activationEvent: 'onLanguage:markdown'
2025-04-26 15:21:59.871 [info] ExtensionService#_doActivateExtension vscode.markdown-language-features, startup: false, activationEvent: 'onLanguage:markdown'
2025-04-26 15:22:00.491 [info] ExtensionService#_doActivateExtension vscode.git-base, startup: true, activationEvent: '*', root cause: vscode.git
2025-04-26 15:22:00.640 [info] ExtensionService#_doActivateExtension vscode.git, startup: true, activationEvent: '*'
2025-04-26 15:22:00.641 [info] ExtensionService#_doActivateExtension vscode.github, startup: true, activationEvent: '*'
2025-04-26 15:22:00.866 [info] ExtensionService#_doActivateExtension vscode.markdown-math, startup: false, activationEvent: 'api', root cause: vscode.markdown-language-features
2025-04-26 15:22:01.018 [info] ExtensionService#_doActivateExtension codeium.windsurf, startup: true, activationEvent: '*'
2025-04-26 15:22:03.919 [info] Eager extensions activated
2025-04-26 15:22:03.919 [info] ExtensionService#_doActivateExtension vscode.debug-auto-launch, startup: false, activationEvent: 'onStartupFinished'
2025-04-26 15:22:03.923 [info] ExtensionService#_doActivateExtension vscode.merge-conflict, startup: false, activationEvent: 'onStartupFinished'
2025-04-26 15:22:04.437 [info] ExtensionService#_doActivateExtension vscode.typescript-language-features, startup: false, activationEvent: 'onLanguage:javascript'
2025-04-26 15:22:04.437 [info] ExtensionService#_doActivateExtension ms-python.python, startup: false, activationEvent: 'onLanguage:python', root cause: Codeium.windsurfPyright
2025-04-26 15:22:04.438 [info] ExtensionService#_doActivateExtension vscode.configuration-editing, startup: false, activationEvent: 'onLanguage:json'
2025-04-26 15:22:04.438 [info] ExtensionService#_doActivateExtension vscode.json-language-features, startup: false, activationEvent: 'onLanguage:json'
2025-04-26 15:22:04.439 [info] ExtensionService#_doActivateExtension vscode.npm, startup: false, activationEvent: 'onLanguage:json'
2025-04-26 15:22:04.439 [info] ExtensionService#_doActivateExtension ms-azuretools.vscode-docker, startup: false, activationEvent: 'onLanguage:dockercompose'
2025-04-26 15:22:04.439 [info] ExtensionService#_doActivateExtension vscode.css-language-features, startup: false, activationEvent: 'onLanguage:css'
2025-04-26 15:22:04.440 [info] ExtensionService#_doActivateExtension vscode.html-language-features, startup: false, activationEvent: 'onLanguage:html'
2025-04-26 15:22:06.921 [info] ExtensionService#_doActivateExtension Codeium.windsurfPyright, startup: false, activationEvent: 'onLanguage:python'
2025-04-26 15:22:06.921 [info] ExtensionService#_doActivateExtension ms-python.debugpy, startup: false, activationEvent: 'onLanguage:python'
