2025-04-26 14:09:33.358 [info] [main] Log level: Info
2025-04-26 14:09:33.358 [info] [main] Validating found git in: "git"
2025-04-26 14:09:33.358 [info] [main] Using git "2.34.1" from "git"
2025-04-26 14:09:33.358 [info] [Model][doInitialScan] Initial repository scan started
2025-04-26 14:09:33.476 [info] > git rev-parse --show-toplevel [129ms]
2025-04-26 14:09:33.476 [info] fatal: not a git repository (or any of the parent directories): .git
2025-04-26 14:09:33.500 [info] > git rev-parse --show-toplevel [17ms]
2025-04-26 14:09:33.500 [info] fatal: not a git repository (or any of the parent directories): .git
2025-04-26 14:09:33.529 [info] > git rev-parse --show-toplevel [23ms]
2025-04-26 14:09:33.529 [info] fatal: not a git repository (or any of the parent directories): .git
2025-04-26 14:09:33.541 [info] > git rev-parse --show-toplevel [8ms]
2025-04-26 14:09:33.541 [info] fatal: not a git repository (or any of the parent directories): .git
2025-04-26 14:09:33.557 [info] > git rev-parse --show-toplevel [11ms]
2025-04-26 14:09:33.557 [info] fatal: not a git repository (or any of the parent directories): .git
2025-04-26 14:09:34.205 [info] > git rev-parse --show-toplevel [645ms]
2025-04-26 14:09:34.205 [info] fatal: not a git repository (or any of the parent directories): .git
2025-04-26 14:09:34.226 [info] > git rev-parse --show-toplevel [11ms]
2025-04-26 14:09:34.226 [info] fatal: not a git repository (or any of the parent directories): .git
2025-04-26 14:09:34.236 [info] > git rev-parse --show-toplevel [6ms]
2025-04-26 14:09:34.236 [info] fatal: not a git repository (or any of the parent directories): .git
2025-04-26 14:09:34.271 [info] > git rev-parse --show-toplevel [29ms]
2025-04-26 14:09:34.271 [info] fatal: not a git repository (or any of the parent directories): .git
2025-04-26 14:09:34.321 [info] > git rev-parse --show-toplevel [46ms]
2025-04-26 14:09:34.321 [info] fatal: not a git repository (or any of the parent directories): .git
2025-04-26 14:09:34.350 [info] > git rev-parse --show-toplevel [23ms]
2025-04-26 14:09:34.350 [info] fatal: not a git repository (or any of the parent directories): .git
2025-04-26 14:09:34.354 [info] [Model][doInitialScan] Initial repository scan completed - repositories (0), closed repositories (0), parent repositories (0), unsafe repositories (0)
2025-04-26 14:14:23.842 [info] > git rev-parse --show-toplevel [3ms]
2025-04-26 14:14:23.842 [info] fatal: not a git repository (or any of the parent directories): .git
2025-04-26 14:16:00.879 [info] > git rev-parse --show-toplevel [4ms]
2025-04-26 14:16:00.880 [info] fatal: not a git repository (or any of the parent directories): .git
2025-04-26 14:26:55.515 [info] > git rev-parse --show-toplevel [6ms]
2025-04-26 14:26:55.515 [info] fatal: not a git repository (or any of the parent directories): .git
2025-04-26 14:58:36.714 [info] > git rev-parse --show-toplevel [178ms]
2025-04-26 14:58:36.714 [info] fatal: not a git repository (or any of the parent directories): .git
2025-04-26 15:01:43.490 [info] > git rev-parse --show-toplevel [3ms]
2025-04-26 15:01:43.490 [info] fatal: not a git repository (or any of the parent directories): .git
2025-04-26 15:02:45.467 [info] > git rev-parse --show-toplevel [6ms]
2025-04-26 15:02:45.467 [info] fatal: not a git repository (or any of the parent directories): .git
2025-04-26 15:03:21.535 [info] > git rev-parse --show-toplevel [3ms]
2025-04-26 15:03:21.535 [info] fatal: not a git repository (or any of the parent directories): .git
2025-04-26 15:03:21.545 [info] > git rev-parse --show-toplevel [2ms]
2025-04-26 15:03:21.545 [info] fatal: not a git repository (or any of the parent directories): .git
2025-04-26 15:03:22.958 [info] > git rev-parse --show-toplevel [4ms]
2025-04-26 15:03:22.958 [info] fatal: not a git repository (or any of the parent directories): .git
2025-04-26 15:03:22.965 [info] > git rev-parse --show-toplevel [2ms]
2025-04-26 15:03:22.965 [info] fatal: not a git repository (or any of the parent directories): .git
2025-04-26 15:03:22.970 [info] > git rev-parse --show-toplevel [1ms]
2025-04-26 15:03:22.970 [info] fatal: not a git repository (or any of the parent directories): .git
2025-04-26 15:03:50.315 [info] > git rev-parse --show-toplevel [4ms]
2025-04-26 15:03:50.315 [info] fatal: not a git repository (or any of the parent directories): .git
2025-04-26 15:03:50.322 [info] > git rev-parse --show-toplevel [1ms]
2025-04-26 15:03:50.322 [info] fatal: not a git repository (or any of the parent directories): .git
2025-04-26 15:03:52.613 [info] > git rev-parse --show-toplevel [2ms]
2025-04-26 15:03:52.613 [info] fatal: not a git repository (or any of the parent directories): .git
2025-04-26 15:03:58.640 [info] > git rev-parse --show-toplevel [2ms]
2025-04-26 15:03:58.640 [info] fatal: not a git repository (or any of the parent directories): .git
2025-04-26 15:03:58.649 [info] > git rev-parse --show-toplevel [2ms]
2025-04-26 15:03:58.649 [info] fatal: not a git repository (or any of the parent directories): .git
2025-04-26 15:04:02.634 [info] > git rev-parse --show-toplevel [4ms]
2025-04-26 15:04:02.634 [info] fatal: not a git repository (or any of the parent directories): .git
2025-04-26 15:04:02.641 [info] > git rev-parse --show-toplevel [1ms]
2025-04-26 15:04:02.641 [info] fatal: not a git repository (or any of the parent directories): .git
2025-04-26 15:04:02.648 [info] > git rev-parse --show-toplevel [3ms]
2025-04-26 15:04:02.648 [info] fatal: not a git repository (or any of the parent directories): .git
2025-04-26 15:04:03.431 [info] > git rev-parse --show-toplevel [3ms]
2025-04-26 15:04:03.431 [info] fatal: not a git repository (or any of the parent directories): .git
2025-04-26 15:04:03.438 [info] > git rev-parse --show-toplevel [1ms]
2025-04-26 15:04:03.438 [info] fatal: not a git repository (or any of the parent directories): .git
2025-04-26 15:04:03.444 [info] > git rev-parse --show-toplevel [2ms]
2025-04-26 15:04:03.444 [info] fatal: not a git repository (or any of the parent directories): .git
2025-04-26 15:04:03.450 [info] > git rev-parse --show-toplevel [1ms]
2025-04-26 15:04:03.450 [info] fatal: not a git repository (or any of the parent directories): .git
2025-04-26 15:04:05.205 [info] > git rev-parse --show-toplevel [2ms]
2025-04-26 15:04:05.205 [info] fatal: not a git repository (or any of the parent directories): .git
2025-04-26 15:04:05.215 [info] > git rev-parse --show-toplevel [1ms]
2025-04-26 15:04:05.215 [info] fatal: not a git repository (or any of the parent directories): .git
2025-04-26 15:04:05.226 [info] > git rev-parse --show-toplevel [2ms]
2025-04-26 15:04:05.226 [info] fatal: not a git repository (or any of the parent directories): .git
2025-04-26 15:04:06.812 [info] > git rev-parse --show-toplevel [2ms]
2025-04-26 15:04:06.812 [info] fatal: not a git repository (or any of the parent directories): .git
2025-04-26 15:04:06.821 [info] > git rev-parse --show-toplevel [2ms]
2025-04-26 15:04:06.821 [info] fatal: not a git repository (or any of the parent directories): .git
2025-04-26 15:04:08.069 [info] > git rev-parse --show-toplevel [1ms]
2025-04-26 15:04:08.069 [info] fatal: not a git repository (or any of the parent directories): .git
2025-04-26 15:12:33.070 [warning] [Model][getRepositoryExact] Failed to get repository realpath for: "/home/windsurf/.npm/_npx/29283/lib/node_modules/.staging/balanced-match-5389475d/". Error:Error: ENOENT: no such file or directory, realpath '/home/windsurf/.npm/_npx/29283/lib/node_modules/.staging/balanced-match-5389475d/'
2025-04-26 15:12:33.080 [warning] [Model][getRepositoryExact] Failed to get repository realpath for: "/home/windsurf/.npm/_npx/29283/lib/node_modules/.staging/fast-json-stable-stringify-3487e1b4/". Error:Error: ENOENT: no such file or directory, realpath '/home/windsurf/.npm/_npx/29283/lib/node_modules/.staging/fast-json-stable-stringify-3487e1b4/'
2025-04-26 15:19:09.171 [info] > git rev-parse --show-toplevel [2ms]
2025-04-26 15:19:09.179 [info] > git rev-parse --git-dir --git-common-dir [3ms]
2025-04-26 15:19:09.194 [info] [Model][openRepository] Opened repository: /home/windsurf/.nvm
2025-04-26 15:19:09.212 [info] > git config --get commit.template [9ms]
2025-04-26 15:19:09.213 [info] > git for-each-ref --format %(refname) %(objectname) %(*objectname) refs/tags [3ms]
2025-04-26 15:19:09.233 [info] > git for-each-ref --sort -committerdate --format %(refname) %(objectname) %(*objectname) [2ms]
2025-04-26 15:19:09.255 [info] > git status -z -uall [32ms]
2025-04-26 15:19:09.276 [info] > git config --get commit.template [6ms]
2025-04-26 15:19:09.278 [info] > git for-each-ref --format %(refname) %(objectname) %(*objectname) refs/tags [3ms]
2025-04-26 15:19:09.291 [info] > git for-each-ref --sort -committerdate --format %(refname) %(objectname) %(*objectname) [4ms]
2025-04-26 15:19:09.303 [info] > git status -z -uall [21ms]
2025-04-26 15:21:09.913 [info] > git config --get commit.template [5ms]
2025-04-26 15:21:09.937 [info] > git for-each-ref --format %(refname) %(objectname) %(*objectname) refs/tags [25ms]
2025-04-26 15:21:09.949 [info] > git for-each-ref --sort -committerdate --format %(refname) %(objectname) %(*objectname) [2ms]
2025-04-26 15:21:09.955 [info] > git status -z -uall [13ms]
2025-04-26 15:21:14.968 [info] > git config --get commit.template [6ms]
2025-04-26 15:21:14.969 [info] > git for-each-ref --format %(refname) %(objectname) %(*objectname) refs/tags [2ms]
2025-04-26 15:21:14.979 [info] > git status -z -uall [5ms]
2025-04-26 15:21:14.980 [info] > git for-each-ref --sort -committerdate --format %(refname) %(objectname) %(*objectname) [2ms]
